[{"_time":1682080108.337,"cribl_breaker":"Break on newlines","_raw":"<Event xmlns='http://schemas.microsoft.com/win/2004/08/events/event'><System><Provider Name='Microsoft-Windows-FailoverClustering' Guid='{abc123de-4567-8fg9-9b84-6689b8c6f85f}'/><EventID>1119</EventID><Version>0</Version><Level>3</Level><Task>19</Task><Opcode>0</Opcode><Keywords>0x8000000000000000</Keywords><TimeCreated SystemTime='2023-04-20T12:46:23.151Z'/><EventRecordID>1375330</EventRecordID><Correlation/><Execution ProcessID='6040' ThreadID='3444'/><Channel>System</Channel><Computer>myhost.acme.com</Computer><Security UserID='S-1-5-18'/></System><EventData><Data Name='ResourceName'>MYHOST</Data><Data Name='Name'>myhost.acme.com</Data><Data Name='Status'>DNS server failure.</Data><Data Name='AdapterName'>Local Area Connection 2</Data><Data Name='BinaryParameterLength'>4</Data><Data Name='BinaryData'>2A230000</Data></EventData></Event>"},{"_time":1682080108.338,"cribl_breaker":"Break on newlines","_raw":"<Event xmlns='http://schemas.microsoft.com/win/2004/08/events/event'><System><Provider Name='Microsoft-Windows-FailoverClustering' Guid='{abc123de-4567-8fg9-9b84-6689b8c6f85f}'/><EventID>1119</EventID><Version>0</Version><Level>3</Level><Task>19</Task><Opcode>0</Opcode><Keywords>0x8000000000000000</Keywords><TimeCreated SystemTime='2023-04-20T12:26:12.427Z'/><EventRecordID>1375322</EventRecordID><Correlation/><Execution ProcessID='2444' ThreadID='3472'/><Channel>System</Channel><Computer>myhost.acme.com</Computer><Security UserID='S-1-5-18'/></System><EventData><Data Name='ResourceName'>MYHOST</Data><Data Name='Name'>myhost.acme.com</Data><Data Name='Status'>An established connection was aborted by the software in your host machine.</Data><Data Name='AdapterName'>Local Area Connection 2</Data><Data Name='BinaryParameterLength'>4</Data><Data Name='BinaryData'>45270000</Data></EventData></Event>"},{"_time":1682080108.338,"cribl_breaker":"Break on newlines","_raw":"<Event xmlns='http://schemas.microsoft.com/win/2004/08/events/event'><System><Provider Name='Service Control Manager' Guid='{abc123de-4567-8fg9-9b84-6689b8c6f85f}' EventSourceName='Service Control Manager'/><EventID Qualifiers='16384'>7036</EventID><Version>0</Version><Level>4</Level><Task>0</Task><Opcode>0</Opcode><Keywords>0x8080000000000000</Keywords><TimeCreated SystemTime='2023-04-20T12:52:51.804431600Z'/><EventRecordID>1992778</EventRecordID><Correlation/><Execution ProcessID='680' ThreadID='724'/><Channel>System</Channel><Computer>myhost.acme.com</Computer><Security/></System><EventData><Data Name='param1'>WMI Performance Adapter</Data><Data Name='param2'>running</Data><Binary>77006D006900410070005300720076002F0034000000</Binary></EventData></Event>"},{"_time":1682080108.338,"cribl_breaker":"Break on newlines","_raw":"<Event xmlns='http://schemas.microsoft.com/win/2004/08/events/event'><System><Provider Name='Service Control Manager' Guid='{abc123de-4567-8fg9-9b84-6689b8c6f85f}' EventSourceName='Service Control Manager'/><EventID Qualifiers='16384'>7036</EventID><Version>0</Version><Level>4</Level><Task>0</Task><Opcode>0</Opcode><Keywords>0x8080000000000000</Keywords><TimeCreated SystemTime='2023-04-20T12:52:51.383226200Z'/><EventRecordID>1992777</EventRecordID><Correlation/><Execution ProcessID='680' ThreadID='724'/><Channel>System</Channel><Computer>myhost.acme.com</Computer><Security/></System><EventData><Data Name='param1'>WMI Performance Adapter</Data><Data Name='param2'>stopped</Data><Binary>77006D006900410070005300720076002F0031000000</Binary></EventData></Event>"},{"_time":1682080108.338,"cribl_breaker":"Break on newlines","_raw":"<Event xmlns='http://schemas.microsoft.com/win/2004/08/events/event'><System><Provider Name='Microsoft-Windows-FailoverClustering' Guid='{abc123de-4567-8fg9-9b84-6689b8c6f85f}'/><EventID>1196</EventID><Version>0</Version><Level>2</Level><Task>19</Task><Opcode>0</Opcode><Keywords>0x8000000000000000</Keywords><TimeCreated SystemTime='2023-04-20T12:42:50.435Z'/><EventRecordID>1867401</EventRecordID><Correlation/><Execution ProcessID='3332' ThreadID='5400'/><Channel>System</Channel><Computer>myhost.acme.com</Computer><Security UserID='S-1-5-18'/></System><EventData><Data Name='ResourceName'>MYHOST</Data><Data Name='StatusString'>DNS server failure.</Data></EventData></Event>"}]