[{"_raw":"<Event xmlns='http://schemas.microsoft.com/win/2004/08/events/event'><System><Provider Name='Microsoft-Windows-Security-Auditing' Guid='{54849625-5478-4994-a5ba-3e3b0328c30d}'/><EventID>4776</EventID><Version>0</Version><Level>0</Level><Task>14336</Task><Opcode>0</Opcode><Keywords>0x8020000000000000</Keywords><TimeCreated SystemTime='2023-11-28T04:29:52.2735515Z'/><EventRecordID>180404</EventRecordID><Correlation ActivityID='{5eddba75-21ac-0001-e4ba-dd5eac21da01}'/><Execution ProcessID='864' ThreadID='3180'/><Channel>Security</Channel><Computer>EC2AMAZ-7TI8G2V</Computer><Security/></System><EventData><Data Name='PackageName'>MICROSOFT_AUTHENTICATION_PACKAGE_V1_0</Data><Data Name='TargetUserName'>Administrator</Data><Data Name='Workstation'></Data><Data Name='Status'>0x0</Data></EventData></Event>","source":"Security","host":"EC2AMAZ-7TI8G2V","_time":1701145792.273,"cribl_breaker":["windows event logs (xml)","ndjson"]},{"_raw":"<Event xmlns='http://schemas.microsoft.com/win/2004/08/events/event'><System><Provider Name='Microsoft-Windows-Security-Auditing' Guid='{54849625-5478-4994-a5ba-3e3b0328c30d}'/><EventID>4672</EventID><Version>0</Version><Level>0</Level><Task>12548</Task><Opcode>0</Opcode><Keywords>0x8020000000000000</Keywords><TimeCreated SystemTime='2023-11-28T04:29:52.2736705Z'/><EventRecordID>180405</EventRecordID><Correlation ActivityID='{5eddba75-21ac-0001-e4ba-dd5eac21da01}'/><Execution ProcessID='864' ThreadID='3180'/><Channel>Security</Channel><Computer>EC2AMAZ-7TI8G2V</Computer><Security/></System><EventData><Data Name='SubjectUserSid'>S-1-5-21-2247955806-3388535418-2229372075-500</Data><Data Name='SubjectUserName'>Administrator</Data><Data Name='SubjectDomainName'>EC2AMAZ-7TI8G2V</Data><Data Name='SubjectLogonId'>0x1f5665</Data><Data Name='PrivilegeList'>SeSecurityPrivilege\r\n\t\t\tSeBackupPrivilege\r\n\t\t\tSeRestorePrivilege\r\n\t\t\tSeTakeOwnershipPrivilege\r\n\t\t\tSeDebugPrivilege\r\n\t\t\tSeSystemEnvironmentPrivilege\r\n\t\t\tSeLoadDriverPrivilege\r\n\t\t\tSeImpersonatePrivilege\r\n\t\t\tSeDelegateSessionUserImpersonatePrivilege</Data></EventData></Event>","source":"Security","host":"EC2AMAZ-7TI8G2V","_time":1701145792.273,"cribl_breaker":["windows event logs (xml)","ndjson"]},{"_raw":"<Event xmlns='http://schemas.microsoft.com/win/2004/08/events/event'><System><Provider Name='Microsoft-Windows-Security-Auditing' Guid='{54849625-5478-4994-a5ba-3e3b0328c30d}'/><EventID>4624</EventID><Version>2</Version><Level>0</Level><Task>12544</Task><Opcode>0</Opcode><Keywords>0x8020000000000000</Keywords><TimeCreated SystemTime='2023-11-28T04:29:52.2737441Z'/><EventRecordID>180406</EventRecordID><Correlation ActivityID='{5eddba75-21ac-0001-e4ba-dd5eac21da01}'/><Execution ProcessID='864' ThreadID='3180'/><Channel>Security</Channel><Computer>EC2AMAZ-7TI8G2V</Computer><Security/></System><EventData><Data Name='SubjectUserSid'>S-1-0-0</Data><Data Name='SubjectUserName'>-</Data><Data Name='SubjectDomainName'>-</Data><Data Name='SubjectLogonId'>0x0</Data><Data Name='TargetUserSid'>S-1-5-21-2247955806-3388535418-2229372075-500</Data><Data Name='TargetUserName'>Administrator</Data><Data Name='TargetDomainName'>EC2AMAZ-7TI8G2V</Data><Data Name='TargetLogonId'>0x1f5665</Data><Data Name='LogonType'>3</Data><Data Name='LogonProcessName'>NtLmSsp </Data><Data Name='AuthenticationPackageName'>NTLM</Data><Data Name='WorkstationName'>-</Data><Data Name='LogonGuid'>{00000000-0000-0000-0000-000000000000}</Data><Data Name='TransmittedServices'>-</Data><Data Name='LmPackageName'>NTLM V2</Data><Data Name='KeyLength'>128</Data><Data Name='ProcessId'>0x0</Data><Data Name='ProcessName'>-</Data><Data Name='IpAddress'>76.178.69.3</Data><Data Name='IpPort'>0</Data><Data Name='ImpersonationLevel'>%%1833</Data><Data Name='RestrictedAdminMode'>-</Data><Data Name='TargetOutboundUserName'>-</Data><Data Name='TargetOutboundDomainName'>-</Data><Data Name='VirtualAccount'>%%1843</Data><Data Name='TargetLinkedLogonId'>0x0</Data><Data Name='ElevatedToken'>%%1842</Data></EventData></Event>","host":"EC2AMAZ-7TI8G2V","source":"Security","_time":1701145792.273,"cribl_breaker":["windows event logs (xml)","ndjson"]},{"_raw":"<Event xmlns='http://schemas.microsoft.com/win/2004/08/events/event'><System><Provider Name='Microsoft-Windows-Security-Auditing' Guid='{54849625-5478-4994-a5ba-3e3b0328c30d}'/><EventID>4776</EventID><Version>0</Version><Level>0</Level><Task>14336</Task><Opcode>0</Opcode><Keywords>0x8020000000000000</Keywords><TimeCreated SystemTime='2023-11-28T04:29:53.4207771Z'/><EventRecordID>180407</EventRecordID><Correlation ActivityID='{5eddba75-21ac-0000-e1ed-dd5eac21da01}'/><Execution ProcessID='864' ThreadID='5232'/><Channel>Security</Channel><Computer>EC2AMAZ-7TI8G2V</Computer><Security/></System><EventData><Data Name='PackageName'>MICROSOFT_AUTHENTICATION_PACKAGE_V1_0</Data><Data Name='TargetUserName'>Administrator</Data><Data Name='Workstation'>EC2AMAZ-7TI8G2V</Data><Data Name='Status'>0x0</Data></EventData></Event>","source":"Security","host":"EC2AMAZ-7TI8G2V","_time":1701145793.42,"cribl_breaker":["windows event logs (xml)","ndjson"]},{"_raw":"<Event xmlns='http://schemas.microsoft.com/win/2004/08/events/event'><System><Provider Name='Microsoft-Windows-Security-Auditing' Guid='{54849625-5478-4994-a5ba-3e3b0328c30d}'/><EventID>4648</EventID><Version>0</Version><Level>0</Level><Task>12544</Task><Opcode>0</Opcode><Keywords>0x8020000000000000</Keywords><TimeCreated SystemTime='2023-11-28T04:29:53.4351896Z'/><EventRecordID>180408</EventRecordID><Correlation ActivityID='{5eddba75-21ac-0001-e4ba-dd5eac21da01}'/><Execution ProcessID='864' ThreadID='5232'/><Channel>Security</Channel><Computer>EC2AMAZ-7TI8G2V</Computer><Security/></System><EventData><Data Name='SubjectUserSid'>S-1-5-18</Data><Data Name='SubjectUserName'>EC2AMAZ-7TI8G2V$</Data><Data Name='SubjectDomainName'>WORKGROUP</Data><Data Name='SubjectLogonId'>0x3e7</Data><Data Name='LogonGuid'>{00000000-0000-0000-0000-000000000000}</Data><Data Name='TargetUserName'>Administrator</Data><Data Name='TargetDomainName'>EC2AMAZ-7TI8G2V</Data><Data Name='TargetLogonGuid'>{00000000-0000-0000-0000-000000000000}</Data><Data Name='TargetServerName'>localhost</Data><Data Name='TargetInfo'>localhost</Data><Data Name='ProcessId'>0x92c</Data><Data Name='ProcessName'>C:\\Windows\\System32\\svchost.exe</Data><Data Name='IpAddress'>76.178.69.3</Data><Data Name='IpPort'>0</Data></EventData></Event>","source":"Security","host":"EC2AMAZ-7TI8G2V","_time":1701145793.435,"cribl_breaker":["windows event logs (xml)","ndjson"]},{"_raw":"<Event xmlns='http://schemas.microsoft.com/win/2004/08/events/event'><System><Provider Name='Microsoft-Windows-Security-Auditing' Guid='{54849625-5478-4994-a5ba-3e3b0328c30d}'/><EventID>4624</EventID><Version>2</Version><Level>0</Level><Task>12544</Task><Opcode>0</Opcode><Keywords>0x8020000000000000</Keywords><TimeCreated SystemTime='2023-11-28T04:29:53.4352194Z'/><EventRecordID>180409</EventRecordID><Correlation ActivityID='{5eddba75-21ac-0001-e4ba-dd5eac21da01}'/><Execution ProcessID='864' ThreadID='5232'/><Channel>Security</Channel><Computer>EC2AMAZ-7TI8G2V</Computer><Security/></System><EventData><Data Name='SubjectUserSid'>S-1-5-18</Data><Data Name='SubjectUserName'>EC2AMAZ-7TI8G2V$</Data><Data Name='SubjectDomainName'>WORKGROUP</Data><Data Name='SubjectLogonId'>0x3e7</Data><Data Name='TargetUserSid'>S-1-5-21-2247955806-3388535418-2229372075-500</Data><Data Name='TargetUserName'>Administrator</Data><Data Name='TargetDomainName'>EC2AMAZ-7TI8G2V</Data><Data Name='TargetLogonId'>0x1f9a12</Data><Data Name='LogonType'>7</Data><Data Name='LogonProcessName'>User32 </Data><Data Name='AuthenticationPackageName'>Negotiate</Data><Data Name='WorkstationName'>EC2AMAZ-7TI8G2V</Data><Data Name='LogonGuid'>{00000000-0000-0000-0000-000000000000}</Data><Data Name='TransmittedServices'>-</Data><Data Name='LmPackageName'>-</Data><Data Name='KeyLength'>0</Data><Data Name='ProcessId'>0x92c</Data><Data Name='ProcessName'>C:\\Windows\\System32\\svchost.exe</Data><Data Name='IpAddress'>76.178.69.3</Data><Data Name='IpPort'>0</Data><Data Name='ImpersonationLevel'>%%1833</Data><Data Name='RestrictedAdminMode'>-</Data><Data Name='TargetOutboundUserName'>-</Data><Data Name='TargetOutboundDomainName'>-</Data><Data Name='VirtualAccount'>%%1843</Data><Data Name='TargetLinkedLogonId'>0x0</Data><Data Name='ElevatedToken'>%%1842</Data></EventData></Event>","source":"Security","host":"EC2AMAZ-7TI8G2V","_time":1701145793.435,"cribl_breaker":["windows event logs (xml)","ndjson"]},{"_raw":"<Event xmlns='http://schemas.microsoft.com/win/2004/08/events/event'><System><Provider Name='Microsoft-Windows-Security-Auditing' Guid='{54849625-5478-4994-a5ba-3e3b0328c30d}'/><EventID>4672</EventID><Version>0</Version><Level>0</Level><Task>12548</Task><Opcode>0</Opcode><Keywords>0x8020000000000000</Keywords><TimeCreated SystemTime='2023-11-28T04:29:53.4352282Z'/><EventRecordID>180410</EventRecordID><Correlation ActivityID='{5eddba75-21ac-0001-e4ba-dd5eac21da01}'/><Execution ProcessID='864' ThreadID='5232'/><Channel>Security</Channel><Computer>EC2AMAZ-7TI8G2V</Computer><Security/></System><EventData><Data Name='SubjectUserSid'>S-1-5-21-2247955806-3388535418-2229372075-500</Data><Data Name='SubjectUserName'>Administrator</Data><Data Name='SubjectDomainName'>EC2AMAZ-7TI8G2V</Data><Data Name='SubjectLogonId'>0x1f9a12</Data><Data Name='PrivilegeList'>SeSecurityPrivilege\r\n\t\t\tSeTakeOwnershipPrivilege\r\n\t\t\tSeLoadDriverPrivilege\r\n\t\t\tSeBackupPrivilege\r\n\t\t\tSeRestorePrivilege\r\n\t\t\tSeDebugPrivilege\r\n\t\t\tSeSystemEnvironmentPrivilege\r\n\t\t\tSeImpersonatePrivilege\r\n\t\t\tSeDelegateSessionUserImpersonatePrivilege</Data></EventData></Event>","source":"Security","host":"EC2AMAZ-7TI8G2V","_time":1701145793.435,"cribl_breaker":["windows event logs (xml)","ndjson"]},{"_raw":"<Event xmlns='http://schemas.microsoft.com/win/2004/08/events/event'><System><Provider Name='Microsoft-Windows-Security-Auditing' Guid='{54849625-5478-4994-a5ba-3e3b0328c30d}'/><EventID>4624</EventID><Version>2</Version><Level>0</Level><Task>12544</Task><Opcode>0</Opcode><Keywords>0x8020000000000000</Keywords><TimeCreated SystemTime='2023-11-28T04:29:53.4398739Z'/><EventRecordID>180411</EventRecordID><Correlation ActivityID='{5eddba75-21ac-0001-e4ba-dd5eac21da01}'/><Execution ProcessID='864' ThreadID='5696'/><Channel>Security</Channel><Computer>EC2AMAZ-7TI8G2V</Computer><Security/></System><EventData><Data Name='SubjectUserSid'>S-1-5-18</Data><Data Name='SubjectUserName'>EC2AMAZ-7TI8G2V$</Data><Data Name='SubjectDomainName'>WORKGROUP</Data><Data Name='SubjectLogonId'>0x3e7</Data><Data Name='TargetUserSid'>S-1-5-18</Data><Data Name='TargetUserName'>SYSTEM</Data><Data Name='TargetDomainName'>NT AUTHORITY</Data><Data Name='TargetLogonId'>0x3e7</Data><Data Name='LogonType'>5</Data><Data Name='LogonProcessName'>Advapi  </Data><Data Name='AuthenticationPackageName'>Negotiate</Data><Data Name='WorkstationName'>-</Data><Data Name='LogonGuid'>{00000000-0000-0000-0000-000000000000}</Data><Data Name='TransmittedServices'>-</Data><Data Name='LmPackageName'>-</Data><Data Name='KeyLength'>0</Data><Data Name='ProcessId'>0x34c</Data><Data Name='ProcessName'>C:\\Windows\\System32\\services.exe</Data><Data Name='IpAddress'>-</Data><Data Name='IpPort'>-</Data><Data Name='ImpersonationLevel'>%%1833</Data><Data Name='RestrictedAdminMode'>-</Data><Data Name='TargetOutboundUserName'>-</Data><Data Name='TargetOutboundDomainName'>-</Data><Data Name='VirtualAccount'>%%1843</Data><Data Name='TargetLinkedLogonId'>0x0</Data><Data Name='ElevatedToken'>%%1842</Data></EventData></Event>","source":"Security","host":"EC2AMAZ-7TI8G2V","_time":1701145793.439,"cribl_breaker":["windows event logs (xml)","ndjson"]},{"_raw":"<Event xmlns='http://schemas.microsoft.com/win/2004/08/events/event'><System><Provider Name='Microsoft-Windows-Security-Auditing' Guid='{54849625-5478-4994-a5ba-3e3b0328c30d}'/><EventID>4672</EventID><Version>0</Version><Level>0</Level><Task>12548</Task><Opcode>0</Opcode><Keywords>0x8020000000000000</Keywords><TimeCreated SystemTime='2023-11-28T04:29:53.4398815Z'/><EventRecordID>180412</EventRecordID><Correlation ActivityID='{5eddba75-21ac-0001-e4ba-dd5eac21da01}'/><Execution ProcessID='864' ThreadID='5696'/><Channel>Security</Channel><Computer>EC2AMAZ-7TI8G2V</Computer><Security/></System><EventData><Data Name='SubjectUserSid'>S-1-5-18</Data><Data Name='SubjectUserName'>SYSTEM</Data><Data Name='SubjectDomainName'>NT AUTHORITY</Data><Data Name='SubjectLogonId'>0x3e7</Data><Data Name='PrivilegeList'>SeAssignPrimaryTokenPrivilege\r\n\t\t\tSeTcbPrivilege\r\n\t\t\tSeSecurityPrivilege\r\n\t\t\tSeTakeOwnershipPrivilege\r\n\t\t\tSeLoadDriverPrivilege\r\n\t\t\tSeBackupPrivilege\r\n\t\t\tSeRestorePrivilege\r\n\t\t\tSeDebugPrivilege\r\n\t\t\tSeAuditPrivilege\r\n\t\t\tSeSystemEnvironmentPrivilege\r\n\t\t\tSeImpersonatePrivilege\r\n\t\t\tSeDelegateSessionUserImpersonatePrivilege</Data></EventData></Event>","source":"Security","host":"EC2AMAZ-7TI8G2V","_time":1701145793.439,"cribl_breaker":["windows event logs (xml)","ndjson"]},{"_raw":"<Event xmlns='http://schemas.microsoft.com/win/2004/08/events/event'><System><Provider Name='Microsoft-Windows-Security-Auditing' Guid='{54849625-5478-4994-a5ba-3e3b0328c30d}'/><EventID>4634</EventID><Version>0</Version><Level>0</Level><Task>12545</Task><Opcode>0</Opcode><Keywords>0x8020000000000000</Keywords><TimeCreated SystemTime='2023-11-28T04:29:53.4437148Z'/><EventRecordID>180413</EventRecordID><Correlation/><Execution ProcessID='864' ThreadID='5696'/><Channel>Security</Channel><Computer>EC2AMAZ-7TI8G2V</Computer><Security/></System><EventData><Data Name='TargetUserSid'>S-1-5-21-2247955806-3388535418-2229372075-500</Data><Data Name='TargetUserName'>Administrator</Data><Data Name='TargetDomainName'>EC2AMAZ-7TI8G2V</Data><Data Name='TargetLogonId'>0x1f9a12</Data><Data Name='LogonType'>7</Data></EventData></Event>","source":"Security","host":"EC2AMAZ-7TI8G2V","_time":1701145793.443,"cribl_breaker":["windows event logs (xml)","ndjson"]},{"_raw":"<Event xmlns='http://schemas.microsoft.com/win/2004/08/events/event'><System><Provider Name='Microsoft-Windows-Security-Auditing' Guid='{54849625-5478-4994-a5ba-3e3b0328c30d}'/><EventID>4634</EventID><Version>0</Version><Level>0</Level><Task>12545</Task><Opcode>0</Opcode><Keywords>0x8020000000000000</Keywords><TimeCreated SystemTime='2023-11-28T04:30:01.5532683Z'/><EventRecordID>180414</EventRecordID><Correlation/><Execution ProcessID='864' ThreadID='5792'/><Channel>Security</Channel><Computer>EC2AMAZ-7TI8G2V</Computer><Security/></System><EventData><Data Name='TargetUserSid'>S-1-5-21-2247955806-3388535418-2229372075-500</Data><Data Name='TargetUserName'>Administrator</Data><Data Name='TargetDomainName'>EC2AMAZ-7TI8G2V</Data><Data Name='TargetLogonId'>0x1f5665</Data><Data Name='LogonType'>3</Data></EventData></Event>","host":"EC2AMAZ-7TI8G2V","source":"Security","_time":1701145801.553,"cribl_breaker":["windows event logs (xml)","ndjson"]},{"_raw":"<Event xmlns='http://schemas.microsoft.com/win/2004/08/events/event'><System><Provider Name='Microsoft-Windows-Security-Auditing' Guid='{54849625-5478-4994-a5ba-3e3b0328c30d}'/><EventID>4776</EventID><Version>0</Version><Level>0</Level><Task>14336</Task><Opcode>0</Opcode><Keywords>0x8020000000000000</Keywords><TimeCreated SystemTime='2023-11-28T04:29:52.2735515Z'/><EventRecordID>180404</EventRecordID><Correlation ActivityID='{5eddba75-21ac-0001-e4ba-dd5eac21da01}'/><Execution ProcessID='864' ThreadID='3180'/><Channel>Security</Channel><Computer>EC2AMAZ-7TI8G2V</Computer><Security/></System><EventData><Data Name='PackageName'>MICROSOFT_AUTHENTICATION_PACKAGE_V1_0</Data><Data Name='TargetUserName'>Administrator</Data><Data Name='Workstation'></Data><Data Name='Status'>0x0</Data></EventData></Event>","source":"Security","host":"EC2AMAZ-7TI8G2V","_time":1701145792.273,"cribl_breaker":["windows event logs (xml)","ndjson"]},{"_raw":"<Event xmlns='http://schemas.microsoft.com/win/2004/08/events/event'><System><Provider Name='Microsoft-Windows-Security-Auditing' Guid='{54849625-5478-4994-a5ba-3e3b0328c30d}'/><EventID>4672</EventID><Version>0</Version><Level>0</Level><Task>12548</Task><Opcode>0</Opcode><Keywords>0x8020000000000000</Keywords><TimeCreated SystemTime='2023-11-28T04:29:52.2736705Z'/><EventRecordID>180405</EventRecordID><Correlation ActivityID='{5eddba75-21ac-0001-e4ba-dd5eac21da01}'/><Execution ProcessID='864' ThreadID='3180'/><Channel>Security</Channel><Computer>EC2AMAZ-7TI8G2V</Computer><Security/></System><EventData><Data Name='SubjectUserSid'>S-1-5-21-2247955806-3388535418-2229372075-500</Data><Data Name='SubjectUserName'>Administrator</Data><Data Name='SubjectDomainName'>EC2AMAZ-7TI8G2V</Data><Data Name='SubjectLogonId'>0x1f5665</Data><Data Name='PrivilegeList'>SeSecurityPrivilege\r\n\t\t\tSeBackupPrivilege\r\n\t\t\tSeRestorePrivilege\r\n\t\t\tSeTakeOwnershipPrivilege\r\n\t\t\tSeDebugPrivilege\r\n\t\t\tSeSystemEnvironmentPrivilege\r\n\t\t\tSeLoadDriverPrivilege\r\n\t\t\tSeImpersonatePrivilege\r\n\t\t\tSeDelegateSessionUserImpersonatePrivilege</Data></EventData></Event>","source":"Security","host":"EC2AMAZ-7TI8G2V","_time":1701145792.273,"cribl_breaker":["windows event logs (xml)","ndjson"]},{"_raw":"<Event xmlns='http://schemas.microsoft.com/win/2004/08/events/event'><System><Provider Name='Microsoft-Windows-Security-Auditing' Guid='{54849625-5478-4994-a5ba-3e3b0328c30d}'/><EventID>4624</EventID><Version>2</Version><Level>0</Level><Task>12544</Task><Opcode>0</Opcode><Keywords>0x8020000000000000</Keywords><TimeCreated SystemTime='2023-11-28T04:29:52.2737441Z'/><EventRecordID>180406</EventRecordID><Correlation ActivityID='{5eddba75-21ac-0001-e4ba-dd5eac21da01}'/><Execution ProcessID='864' ThreadID='3180'/><Channel>Security</Channel><Computer>EC2AMAZ-7TI8G2V</Computer><Security/></System><EventData><Data Name='SubjectUserSid'>S-1-0-0</Data><Data Name='SubjectUserName'>-</Data><Data Name='SubjectDomainName'>-</Data><Data Name='SubjectLogonId'>0x0</Data><Data Name='TargetUserSid'>S-1-5-21-2247955806-3388535418-2229372075-500</Data><Data Name='TargetUserName'>Administrator</Data><Data Name='TargetDomainName'>EC2AMAZ-7TI8G2V</Data><Data Name='TargetLogonId'>0x1f5665</Data><Data Name='LogonType'>3</Data><Data Name='LogonProcessName'>NtLmSsp </Data><Data Name='AuthenticationPackageName'>NTLM</Data><Data Name='WorkstationName'>-</Data><Data Name='LogonGuid'>{00000000-0000-0000-0000-000000000000}</Data><Data Name='TransmittedServices'>-</Data><Data Name='LmPackageName'>NTLM V2</Data><Data Name='KeyLength'>128</Data><Data Name='ProcessId'>0x0</Data><Data Name='ProcessName'>-</Data><Data Name='IpAddress'>76.178.69.3</Data><Data Name='IpPort'>0</Data><Data Name='ImpersonationLevel'>%%1833</Data><Data Name='RestrictedAdminMode'>-</Data><Data Name='TargetOutboundUserName'>-</Data><Data Name='TargetOutboundDomainName'>-</Data><Data Name='VirtualAccount'>%%1843</Data><Data Name='TargetLinkedLogonId'>0x0</Data><Data Name='ElevatedToken'>%%1842</Data></EventData></Event>","host":"EC2AMAZ-7TI8G2V","source":"Security","_time":1701145792.273,"cribl_breaker":["windows event logs (xml)","ndjson"]},{"_raw":"<Event xmlns='http://schemas.microsoft.com/win/2004/08/events/event'><System><Provider Name='Microsoft-Windows-Security-Auditing' Guid='{54849625-5478-4994-a5ba-3e3b0328c30d}'/><EventID>4776</EventID><Version>0</Version><Level>0</Level><Task>14336</Task><Opcode>0</Opcode><Keywords>0x8020000000000000</Keywords><TimeCreated SystemTime='2023-11-28T04:29:53.4207771Z'/><EventRecordID>180407</EventRecordID><Correlation ActivityID='{5eddba75-21ac-0000-e1ed-dd5eac21da01}'/><Execution ProcessID='864' ThreadID='5232'/><Channel>Security</Channel><Computer>EC2AMAZ-7TI8G2V</Computer><Security/></System><EventData><Data Name='PackageName'>MICROSOFT_AUTHENTICATION_PACKAGE_V1_0</Data><Data Name='TargetUserName'>Administrator</Data><Data Name='Workstation'>EC2AMAZ-7TI8G2V</Data><Data Name='Status'>0x0</Data></EventData></Event>","source":"Security","host":"EC2AMAZ-7TI8G2V","_time":1701145793.42,"cribl_breaker":["windows event logs (xml)","ndjson"]},{"_raw":"<Event xmlns='http://schemas.microsoft.com/win/2004/08/events/event'><System><Provider Name='Microsoft-Windows-Security-Auditing' Guid='{54849625-5478-4994-a5ba-3e3b0328c30d}'/><EventID>4648</EventID><Version>0</Version><Level>0</Level><Task>12544</Task><Opcode>0</Opcode><Keywords>0x8020000000000000</Keywords><TimeCreated SystemTime='2023-11-28T04:29:53.4351896Z'/><EventRecordID>180408</EventRecordID><Correlation ActivityID='{5eddba75-21ac-0001-e4ba-dd5eac21da01}'/><Execution ProcessID='864' ThreadID='5232'/><Channel>Security</Channel><Computer>EC2AMAZ-7TI8G2V</Computer><Security/></System><EventData><Data Name='SubjectUserSid'>S-1-5-18</Data><Data Name='SubjectUserName'>EC2AMAZ-7TI8G2V$</Data><Data Name='SubjectDomainName'>WORKGROUP</Data><Data Name='SubjectLogonId'>0x3e7</Data><Data Name='LogonGuid'>{00000000-0000-0000-0000-000000000000}</Data><Data Name='TargetUserName'>Administrator</Data><Data Name='TargetDomainName'>EC2AMAZ-7TI8G2V</Data><Data Name='TargetLogonGuid'>{00000000-0000-0000-0000-000000000000}</Data><Data Name='TargetServerName'>localhost</Data><Data Name='TargetInfo'>localhost</Data><Data Name='ProcessId'>0x92c</Data><Data Name='ProcessName'>C:\\Windows\\System32\\svchost.exe</Data><Data Name='IpAddress'>76.178.69.3</Data><Data Name='IpPort'>0</Data></EventData></Event>","source":"Security","host":"EC2AMAZ-7TI8G2V","_time":1701145793.435,"cribl_breaker":["windows event logs (xml)","ndjson"]},{"_raw":"<Event xmlns='http://schemas.microsoft.com/win/2004/08/events/event'><System><Provider Name='Microsoft-Windows-Security-Auditing' Guid='{54849625-5478-4994-a5ba-3e3b0328c30d}'/><EventID>4624</EventID><Version>2</Version><Level>0</Level><Task>12544</Task><Opcode>0</Opcode><Keywords>0x8020000000000000</Keywords><TimeCreated SystemTime='2023-11-28T04:29:53.4352194Z'/><EventRecordID>180409</EventRecordID><Correlation ActivityID='{5eddba75-21ac-0001-e4ba-dd5eac21da01}'/><Execution ProcessID='864' ThreadID='5232'/><Channel>Security</Channel><Computer>EC2AMAZ-7TI8G2V</Computer><Security/></System><EventData><Data Name='SubjectUserSid'>S-1-5-18</Data><Data Name='SubjectUserName'>EC2AMAZ-7TI8G2V$</Data><Data Name='SubjectDomainName'>WORKGROUP</Data><Data Name='SubjectLogonId'>0x3e7</Data><Data Name='TargetUserSid'>S-1-5-21-2247955806-3388535418-2229372075-500</Data><Data Name='TargetUserName'>Administrator</Data><Data Name='TargetDomainName'>EC2AMAZ-7TI8G2V</Data><Data Name='TargetLogonId'>0x1f9a12</Data><Data Name='LogonType'>7</Data><Data Name='LogonProcessName'>User32 </Data><Data Name='AuthenticationPackageName'>Negotiate</Data><Data Name='WorkstationName'>EC2AMAZ-7TI8G2V</Data><Data Name='LogonGuid'>{00000000-0000-0000-0000-000000000000}</Data><Data Name='TransmittedServices'>-</Data><Data Name='LmPackageName'>-</Data><Data Name='KeyLength'>0</Data><Data Name='ProcessId'>0x92c</Data><Data Name='ProcessName'>C:\\Windows\\System32\\svchost.exe</Data><Data Name='IpAddress'>76.178.69.3</Data><Data Name='IpPort'>0</Data><Data Name='ImpersonationLevel'>%%1833</Data><Data Name='RestrictedAdminMode'>-</Data><Data Name='TargetOutboundUserName'>-</Data><Data Name='TargetOutboundDomainName'>-</Data><Data Name='VirtualAccount'>%%1843</Data><Data Name='TargetLinkedLogonId'>0x0</Data><Data Name='ElevatedToken'>%%1842</Data></EventData></Event>","source":"Security","host":"EC2AMAZ-7TI8G2V","_time":1701145793.435,"cribl_breaker":["windows event logs (xml)","ndjson"]},{"_raw":"<Event xmlns='http://schemas.microsoft.com/win/2004/08/events/event'><System><Provider Name='Microsoft-Windows-Security-Auditing' Guid='{54849625-5478-4994-a5ba-3e3b0328c30d}'/><EventID>4672</EventID><Version>0</Version><Level>0</Level><Task>12548</Task><Opcode>0</Opcode><Keywords>0x8020000000000000</Keywords><TimeCreated SystemTime='2023-11-28T04:29:53.4352282Z'/><EventRecordID>180410</EventRecordID><Correlation ActivityID='{5eddba75-21ac-0001-e4ba-dd5eac21da01}'/><Execution ProcessID='864' ThreadID='5232'/><Channel>Security</Channel><Computer>EC2AMAZ-7TI8G2V</Computer><Security/></System><EventData><Data Name='SubjectUserSid'>S-1-5-21-2247955806-3388535418-2229372075-500</Data><Data Name='SubjectUserName'>Administrator</Data><Data Name='SubjectDomainName'>EC2AMAZ-7TI8G2V</Data><Data Name='SubjectLogonId'>0x1f9a12</Data><Data Name='PrivilegeList'>SeSecurityPrivilege\r\n\t\t\tSeTakeOwnershipPrivilege\r\n\t\t\tSeLoadDriverPrivilege\r\n\t\t\tSeBackupPrivilege\r\n\t\t\tSeRestorePrivilege\r\n\t\t\tSeDebugPrivilege\r\n\t\t\tSeSystemEnvironmentPrivilege\r\n\t\t\tSeImpersonatePrivilege\r\n\t\t\tSeDelegateSessionUserImpersonatePrivilege</Data></EventData></Event>","source":"Security","host":"EC2AMAZ-7TI8G2V","_time":1701145793.435,"cribl_breaker":["windows event logs (xml)","ndjson"]},{"_raw":"<Event xmlns='http://schemas.microsoft.com/win/2004/08/events/event'><System><Provider Name='Microsoft-Windows-Security-Auditing' Guid='{54849625-5478-4994-a5ba-3e3b0328c30d}'/><EventID>4624</EventID><Version>2</Version><Level>0</Level><Task>12544</Task><Opcode>0</Opcode><Keywords>0x8020000000000000</Keywords><TimeCreated SystemTime='2023-11-28T04:29:53.4398739Z'/><EventRecordID>180411</EventRecordID><Correlation ActivityID='{5eddba75-21ac-0001-e4ba-dd5eac21da01}'/><Execution ProcessID='864' ThreadID='5696'/><Channel>Security</Channel><Computer>EC2AMAZ-7TI8G2V</Computer><Security/></System><EventData><Data Name='SubjectUserSid'>S-1-5-18</Data><Data Name='SubjectUserName'>EC2AMAZ-7TI8G2V$</Data><Data Name='SubjectDomainName'>WORKGROUP</Data><Data Name='SubjectLogonId'>0x3e7</Data><Data Name='TargetUserSid'>S-1-5-18</Data><Data Name='TargetUserName'>SYSTEM</Data><Data Name='TargetDomainName'>NT AUTHORITY</Data><Data Name='TargetLogonId'>0x3e7</Data><Data Name='LogonType'>5</Data><Data Name='LogonProcessName'>Advapi  </Data><Data Name='AuthenticationPackageName'>Negotiate</Data><Data Name='WorkstationName'>-</Data><Data Name='LogonGuid'>{00000000-0000-0000-0000-000000000000}</Data><Data Name='TransmittedServices'>-</Data><Data Name='LmPackageName'>-</Data><Data Name='KeyLength'>0</Data><Data Name='ProcessId'>0x34c</Data><Data Name='ProcessName'>C:\\Windows\\System32\\services.exe</Data><Data Name='IpAddress'>-</Data><Data Name='IpPort'>-</Data><Data Name='ImpersonationLevel'>%%1833</Data><Data Name='RestrictedAdminMode'>-</Data><Data Name='TargetOutboundUserName'>-</Data><Data Name='TargetOutboundDomainName'>-</Data><Data Name='VirtualAccount'>%%1843</Data><Data Name='TargetLinkedLogonId'>0x0</Data><Data Name='ElevatedToken'>%%1842</Data></EventData></Event>","source":"Security","host":"EC2AMAZ-7TI8G2V","_time":1701145793.439,"cribl_breaker":["windows event logs (xml)","ndjson"]},{"_raw":"<Event xmlns='http://schemas.microsoft.com/win/2004/08/events/event'><System><Provider Name='Microsoft-Windows-Security-Auditing' Guid='{54849625-5478-4994-a5ba-3e3b0328c30d}'/><EventID>4672</EventID><Version>0</Version><Level>0</Level><Task>12548</Task><Opcode>0</Opcode><Keywords>0x8020000000000000</Keywords><TimeCreated SystemTime='2023-11-28T04:29:53.4398815Z'/><EventRecordID>180412</EventRecordID><Correlation ActivityID='{5eddba75-21ac-0001-e4ba-dd5eac21da01}'/><Execution ProcessID='864' ThreadID='5696'/><Channel>Security</Channel><Computer>EC2AMAZ-7TI8G2V</Computer><Security/></System><EventData><Data Name='SubjectUserSid'>S-1-5-18</Data><Data Name='SubjectUserName'>SYSTEM</Data><Data Name='SubjectDomainName'>NT AUTHORITY</Data><Data Name='SubjectLogonId'>0x3e7</Data><Data Name='PrivilegeList'>SeAssignPrimaryTokenPrivilege\r\n\t\t\tSeTcbPrivilege\r\n\t\t\tSeSecurityPrivilege\r\n\t\t\tSeTakeOwnershipPrivilege\r\n\t\t\tSeLoadDriverPrivilege\r\n\t\t\tSeBackupPrivilege\r\n\t\t\tSeRestorePrivilege\r\n\t\t\tSeDebugPrivilege\r\n\t\t\tSeAuditPrivilege\r\n\t\t\tSeSystemEnvironmentPrivilege\r\n\t\t\tSeImpersonatePrivilege\r\n\t\t\tSeDelegateSessionUserImpersonatePrivilege</Data></EventData></Event>","source":"Security","host":"EC2AMAZ-7TI8G2V","_time":1701145793.439,"cribl_breaker":["windows event logs (xml)","ndjson"]},{"_raw":"<Event xmlns='http://schemas.microsoft.com/win/2004/08/events/event'><System><Provider Name='Microsoft-Windows-Security-Auditing' Guid='{54849625-5478-4994-a5ba-3e3b0328c30d}'/><EventID>4634</EventID><Version>0</Version><Level>0</Level><Task>12545</Task><Opcode>0</Opcode><Keywords>0x8020000000000000</Keywords><TimeCreated SystemTime='2023-11-28T04:29:53.4437148Z'/><EventRecordID>180413</EventRecordID><Correlation/><Execution ProcessID='864' ThreadID='5696'/><Channel>Security</Channel><Computer>EC2AMAZ-7TI8G2V</Computer><Security/></System><EventData><Data Name='TargetUserSid'>S-1-5-21-2247955806-3388535418-2229372075-500</Data><Data Name='TargetUserName'>Administrator</Data><Data Name='TargetDomainName'>EC2AMAZ-7TI8G2V</Data><Data Name='TargetLogonId'>0x1f9a12</Data><Data Name='LogonType'>7</Data></EventData></Event>","source":"Security","host":"EC2AMAZ-7TI8G2V","_time":1701145793.443,"cribl_breaker":["windows event logs (xml)","ndjson"]},{"_raw":"<Event xmlns='http://schemas.microsoft.com/win/2004/08/events/event'><System><Provider Name='Microsoft-Windows-Security-Auditing' Guid='{54849625-5478-4994-a5ba-3e3b0328c30d}'/><EventID>4634</EventID><Version>0</Version><Level>0</Level><Task>12545</Task><Opcode>0</Opcode><Keywords>0x8020000000000000</Keywords><TimeCreated SystemTime='2023-11-28T04:30:01.5532683Z'/><EventRecordID>180414</EventRecordID><Correlation/><Execution ProcessID='864' ThreadID='5792'/><Channel>Security</Channel><Computer>EC2AMAZ-7TI8G2V</Computer><Security/></System><EventData><Data Name='TargetUserSid'>S-1-5-21-2247955806-3388535418-2229372075-500</Data><Data Name='TargetUserName'>Administrator</Data><Data Name='TargetDomainName'>EC2AMAZ-7TI8G2V</Data><Data Name='TargetLogonId'>0x1f5665</Data><Data Name='LogonType'>3</Data></EventData></Event>","host":"EC2AMAZ-7TI8G2V","source":"Security","_time":1701145801.553,"cribl_breaker":["windows event logs (xml)","ndjson"]},{"_raw":"<Event xmlns='http://schemas.microsoft.com/win/2004/08/events/event'><System><Provider Name='Microsoft-Windows-Security-Auditing' Guid='{54849625-5478-4994-a5ba-3e3b0328c30d}'/><EventID>4776</EventID><Version>0</Version><Level>0</Level><Task>14336</Task><Opcode>0</Opcode><Keywords>0x8020000000000000</Keywords><TimeCreated SystemTime='2023-11-28T04:29:52.2735515Z'/><EventRecordID>180404</EventRecordID><Correlation ActivityID='{5eddba75-21ac-0001-e4ba-dd5eac21da01}'/><Execution ProcessID='864' ThreadID='3180'/><Channel>Security</Channel><Computer>EC2AMAZ-7TI8G2V</Computer><Security/></System><EventData><Data Name='PackageName'>MICROSOFT_AUTHENTICATION_PACKAGE_V1_0</Data><Data Name='TargetUserName'>Administrator</Data><Data Name='Workstation'></Data><Data Name='Status'>0x0</Data></EventData></Event>","source":"Security","host":"EC2AMAZ-7TI8G2V","_time":1701145792.273,"cribl_breaker":["windows event logs (xml)","ndjson"]},{"_raw":"<Event xmlns='http://schemas.microsoft.com/win/2004/08/events/event'><System><Provider Name='Microsoft-Windows-Security-Auditing' Guid='{54849625-5478-4994-a5ba-3e3b0328c30d}'/><EventID>4672</EventID><Version>0</Version><Level>0</Level><Task>12548</Task><Opcode>0</Opcode><Keywords>0x8020000000000000</Keywords><TimeCreated SystemTime='2023-11-28T04:29:52.2736705Z'/><EventRecordID>180405</EventRecordID><Correlation ActivityID='{5eddba75-21ac-0001-e4ba-dd5eac21da01}'/><Execution ProcessID='864' ThreadID='3180'/><Channel>Security</Channel><Computer>EC2AMAZ-7TI8G2V</Computer><Security/></System><EventData><Data Name='SubjectUserSid'>S-1-5-21-2247955806-3388535418-2229372075-500</Data><Data Name='SubjectUserName'>Administrator</Data><Data Name='SubjectDomainName'>EC2AMAZ-7TI8G2V</Data><Data Name='SubjectLogonId'>0x1f5665</Data><Data Name='PrivilegeList'>SeSecurityPrivilege\r\n\t\t\tSeBackupPrivilege\r\n\t\t\tSeRestorePrivilege\r\n\t\t\tSeTakeOwnershipPrivilege\r\n\t\t\tSeDebugPrivilege\r\n\t\t\tSeSystemEnvironmentPrivilege\r\n\t\t\tSeLoadDriverPrivilege\r\n\t\t\tSeImpersonatePrivilege\r\n\t\t\tSeDelegateSessionUserImpersonatePrivilege</Data></EventData></Event>","source":"Security","host":"EC2AMAZ-7TI8G2V","_time":1701145792.273,"cribl_breaker":["windows event logs (xml)","ndjson"]},{"_raw":"<Event xmlns='http://schemas.microsoft.com/win/2004/08/events/event'><System><Provider Name='Microsoft-Windows-Security-Auditing' Guid='{54849625-5478-4994-a5ba-3e3b0328c30d}'/><EventID>4624</EventID><Version>2</Version><Level>0</Level><Task>12544</Task><Opcode>0</Opcode><Keywords>0x8020000000000000</Keywords><TimeCreated SystemTime='2023-11-28T04:29:52.2737441Z'/><EventRecordID>180406</EventRecordID><Correlation ActivityID='{5eddba75-21ac-0001-e4ba-dd5eac21da01}'/><Execution ProcessID='864' ThreadID='3180'/><Channel>Security</Channel><Computer>EC2AMAZ-7TI8G2V</Computer><Security/></System><EventData><Data Name='SubjectUserSid'>S-1-0-0</Data><Data Name='SubjectUserName'>-</Data><Data Name='SubjectDomainName'>-</Data><Data Name='SubjectLogonId'>0x0</Data><Data Name='TargetUserSid'>S-1-5-21-2247955806-3388535418-2229372075-500</Data><Data Name='TargetUserName'>Administrator</Data><Data Name='TargetDomainName'>EC2AMAZ-7TI8G2V</Data><Data Name='TargetLogonId'>0x1f5665</Data><Data Name='LogonType'>3</Data><Data Name='LogonProcessName'>NtLmSsp </Data><Data Name='AuthenticationPackageName'>NTLM</Data><Data Name='WorkstationName'>-</Data><Data Name='LogonGuid'>{00000000-0000-0000-0000-000000000000}</Data><Data Name='TransmittedServices'>-</Data><Data Name='LmPackageName'>NTLM V2</Data><Data Name='KeyLength'>128</Data><Data Name='ProcessId'>0x0</Data><Data Name='ProcessName'>-</Data><Data Name='IpAddress'>76.178.69.3</Data><Data Name='IpPort'>0</Data><Data Name='ImpersonationLevel'>%%1833</Data><Data Name='RestrictedAdminMode'>-</Data><Data Name='TargetOutboundUserName'>-</Data><Data Name='TargetOutboundDomainName'>-</Data><Data Name='VirtualAccount'>%%1843</Data><Data Name='TargetLinkedLogonId'>0x0</Data><Data Name='ElevatedToken'>%%1842</Data></EventData></Event>","host":"EC2AMAZ-7TI8G2V","source":"Security","_time":1701145792.273,"cribl_breaker":["windows event logs (xml)","ndjson"]},{"_raw":"<Event xmlns='http://schemas.microsoft.com/win/2004/08/events/event'><System><Provider Name='Microsoft-Windows-Security-Auditing' Guid='{54849625-5478-4994-a5ba-3e3b0328c30d}'/><EventID>4776</EventID><Version>0</Version><Level>0</Level><Task>14336</Task><Opcode>0</Opcode><Keywords>0x8020000000000000</Keywords><TimeCreated SystemTime='2023-11-28T04:29:53.4207771Z'/><EventRecordID>180407</EventRecordID><Correlation ActivityID='{5eddba75-21ac-0000-e1ed-dd5eac21da01}'/><Execution ProcessID='864' ThreadID='5232'/><Channel>Security</Channel><Computer>EC2AMAZ-7TI8G2V</Computer><Security/></System><EventData><Data Name='PackageName'>MICROSOFT_AUTHENTICATION_PACKAGE_V1_0</Data><Data Name='TargetUserName'>Administrator</Data><Data Name='Workstation'>EC2AMAZ-7TI8G2V</Data><Data Name='Status'>0x0</Data></EventData></Event>","source":"Security","host":"EC2AMAZ-7TI8G2V","_time":1701145793.42,"cribl_breaker":["windows event logs (xml)","ndjson"]},{"_raw":"<Event xmlns='http://schemas.microsoft.com/win/2004/08/events/event'><System><Provider Name='Microsoft-Windows-Security-Auditing' Guid='{54849625-5478-4994-a5ba-3e3b0328c30d}'/><EventID>4648</EventID><Version>0</Version><Level>0</Level><Task>12544</Task><Opcode>0</Opcode><Keywords>0x8020000000000000</Keywords><TimeCreated SystemTime='2023-11-28T04:29:53.4351896Z'/><EventRecordID>180408</EventRecordID><Correlation ActivityID='{5eddba75-21ac-0001-e4ba-dd5eac21da01}'/><Execution ProcessID='864' ThreadID='5232'/><Channel>Security</Channel><Computer>EC2AMAZ-7TI8G2V</Computer><Security/></System><EventData><Data Name='SubjectUserSid'>S-1-5-18</Data><Data Name='SubjectUserName'>EC2AMAZ-7TI8G2V$</Data><Data Name='SubjectDomainName'>WORKGROUP</Data><Data Name='SubjectLogonId'>0x3e7</Data><Data Name='LogonGuid'>{00000000-0000-0000-0000-000000000000}</Data><Data Name='TargetUserName'>Administrator</Data><Data Name='TargetDomainName'>EC2AMAZ-7TI8G2V</Data><Data Name='TargetLogonGuid'>{00000000-0000-0000-0000-000000000000}</Data><Data Name='TargetServerName'>localhost</Data><Data Name='TargetInfo'>localhost</Data><Data Name='ProcessId'>0x92c</Data><Data Name='ProcessName'>C:\\Windows\\System32\\svchost.exe</Data><Data Name='IpAddress'>76.178.69.3</Data><Data Name='IpPort'>0</Data></EventData></Event>","source":"Security","host":"EC2AMAZ-7TI8G2V","_time":1701145793.435,"cribl_breaker":["windows event logs (xml)","ndjson"]},{"_raw":"<Event xmlns='http://schemas.microsoft.com/win/2004/08/events/event'><System><Provider Name='Microsoft-Windows-Security-Auditing' Guid='{54849625-5478-4994-a5ba-3e3b0328c30d}'/><EventID>4624</EventID><Version>2</Version><Level>0</Level><Task>12544</Task><Opcode>0</Opcode><Keywords>0x8020000000000000</Keywords><TimeCreated SystemTime='2023-11-28T04:29:53.4352194Z'/><EventRecordID>180409</EventRecordID><Correlation ActivityID='{5eddba75-21ac-0001-e4ba-dd5eac21da01}'/><Execution ProcessID='864' ThreadID='5232'/><Channel>Security</Channel><Computer>EC2AMAZ-7TI8G2V</Computer><Security/></System><EventData><Data Name='SubjectUserSid'>S-1-5-18</Data><Data Name='SubjectUserName'>EC2AMAZ-7TI8G2V$</Data><Data Name='SubjectDomainName'>WORKGROUP</Data><Data Name='SubjectLogonId'>0x3e7</Data><Data Name='TargetUserSid'>S-1-5-21-2247955806-3388535418-2229372075-500</Data><Data Name='TargetUserName'>Administrator</Data><Data Name='TargetDomainName'>EC2AMAZ-7TI8G2V</Data><Data Name='TargetLogonId'>0x1f9a12</Data><Data Name='LogonType'>7</Data><Data Name='LogonProcessName'>User32 </Data><Data Name='AuthenticationPackageName'>Negotiate</Data><Data Name='WorkstationName'>EC2AMAZ-7TI8G2V</Data><Data Name='LogonGuid'>{00000000-0000-0000-0000-000000000000}</Data><Data Name='TransmittedServices'>-</Data><Data Name='LmPackageName'>-</Data><Data Name='KeyLength'>0</Data><Data Name='ProcessId'>0x92c</Data><Data Name='ProcessName'>C:\\Windows\\System32\\svchost.exe</Data><Data Name='IpAddress'>76.178.69.3</Data><Data Name='IpPort'>0</Data><Data Name='ImpersonationLevel'>%%1833</Data><Data Name='RestrictedAdminMode'>-</Data><Data Name='TargetOutboundUserName'>-</Data><Data Name='TargetOutboundDomainName'>-</Data><Data Name='VirtualAccount'>%%1843</Data><Data Name='TargetLinkedLogonId'>0x0</Data><Data Name='ElevatedToken'>%%1842</Data></EventData></Event>","source":"Security","host":"EC2AMAZ-7TI8G2V","_time":1701145793.435,"cribl_breaker":["windows event logs (xml)","ndjson"]},{"_raw":"<Event xmlns='http://schemas.microsoft.com/win/2004/08/events/event'><System><Provider Name='Microsoft-Windows-Security-Auditing' Guid='{54849625-5478-4994-a5ba-3e3b0328c30d}'/><EventID>4672</EventID><Version>0</Version><Level>0</Level><Task>12548</Task><Opcode>0</Opcode><Keywords>0x8020000000000000</Keywords><TimeCreated SystemTime='2023-11-28T04:29:53.4352282Z'/><EventRecordID>180410</EventRecordID><Correlation ActivityID='{5eddba75-21ac-0001-e4ba-dd5eac21da01}'/><Execution ProcessID='864' ThreadID='5232'/><Channel>Security</Channel><Computer>EC2AMAZ-7TI8G2V</Computer><Security/></System><EventData><Data Name='SubjectUserSid'>S-1-5-21-2247955806-3388535418-2229372075-500</Data><Data Name='SubjectUserName'>Administrator</Data><Data Name='SubjectDomainName'>EC2AMAZ-7TI8G2V</Data><Data Name='SubjectLogonId'>0x1f9a12</Data><Data Name='PrivilegeList'>SeSecurityPrivilege\r\n\t\t\tSeTakeOwnershipPrivilege\r\n\t\t\tSeLoadDriverPrivilege\r\n\t\t\tSeBackupPrivilege\r\n\t\t\tSeRestorePrivilege\r\n\t\t\tSeDebugPrivilege\r\n\t\t\tSeSystemEnvironmentPrivilege\r\n\t\t\tSeImpersonatePrivilege\r\n\t\t\tSeDelegateSessionUserImpersonatePrivilege</Data></EventData></Event>","source":"Security","host":"EC2AMAZ-7TI8G2V","_time":1701145793.435,"cribl_breaker":["windows event logs (xml)","ndjson"]},{"_raw":"<Event xmlns='http://schemas.microsoft.com/win/2004/08/events/event'><System><Provider Name='Microsoft-Windows-Security-Auditing' Guid='{54849625-5478-4994-a5ba-3e3b0328c30d}'/><EventID>4624</EventID><Version>2</Version><Level>0</Level><Task>12544</Task><Opcode>0</Opcode><Keywords>0x8020000000000000</Keywords><TimeCreated SystemTime='2023-11-28T04:29:53.4398739Z'/><EventRecordID>180411</EventRecordID><Correlation ActivityID='{5eddba75-21ac-0001-e4ba-dd5eac21da01}'/><Execution ProcessID='864' ThreadID='5696'/><Channel>Security</Channel><Computer>EC2AMAZ-7TI8G2V</Computer><Security/></System><EventData><Data Name='SubjectUserSid'>S-1-5-18</Data><Data Name='SubjectUserName'>EC2AMAZ-7TI8G2V$</Data><Data Name='SubjectDomainName'>WORKGROUP</Data><Data Name='SubjectLogonId'>0x3e7</Data><Data Name='TargetUserSid'>S-1-5-18</Data><Data Name='TargetUserName'>SYSTEM</Data><Data Name='TargetDomainName'>NT AUTHORITY</Data><Data Name='TargetLogonId'>0x3e7</Data><Data Name='LogonType'>5</Data><Data Name='LogonProcessName'>Advapi  </Data><Data Name='AuthenticationPackageName'>Negotiate</Data><Data Name='WorkstationName'>-</Data><Data Name='LogonGuid'>{00000000-0000-0000-0000-000000000000}</Data><Data Name='TransmittedServices'>-</Data><Data Name='LmPackageName'>-</Data><Data Name='KeyLength'>0</Data><Data Name='ProcessId'>0x34c</Data><Data Name='ProcessName'>C:\\Windows\\System32\\services.exe</Data><Data Name='IpAddress'>-</Data><Data Name='IpPort'>-</Data><Data Name='ImpersonationLevel'>%%1833</Data><Data Name='RestrictedAdminMode'>-</Data><Data Name='TargetOutboundUserName'>-</Data><Data Name='TargetOutboundDomainName'>-</Data><Data Name='VirtualAccount'>%%1843</Data><Data Name='TargetLinkedLogonId'>0x0</Data><Data Name='ElevatedToken'>%%1842</Data></EventData></Event>","source":"Security","host":"EC2AMAZ-7TI8G2V","_time":1701145793.439,"cribl_breaker":["windows event logs (xml)","ndjson"]},{"_raw":"<Event xmlns='http://schemas.microsoft.com/win/2004/08/events/event'><System><Provider Name='Microsoft-Windows-Security-Auditing' Guid='{54849625-5478-4994-a5ba-3e3b0328c30d}'/><EventID>4672</EventID><Version>0</Version><Level>0</Level><Task>12548</Task><Opcode>0</Opcode><Keywords>0x8020000000000000</Keywords><TimeCreated SystemTime='2023-11-28T04:29:53.4398815Z'/><EventRecordID>180412</EventRecordID><Correlation ActivityID='{5eddba75-21ac-0001-e4ba-dd5eac21da01}'/><Execution ProcessID='864' ThreadID='5696'/><Channel>Security</Channel><Computer>EC2AMAZ-7TI8G2V</Computer><Security/></System><EventData><Data Name='SubjectUserSid'>S-1-5-18</Data><Data Name='SubjectUserName'>SYSTEM</Data><Data Name='SubjectDomainName'>NT AUTHORITY</Data><Data Name='SubjectLogonId'>0x3e7</Data><Data Name='PrivilegeList'>SeAssignPrimaryTokenPrivilege\r\n\t\t\tSeTcbPrivilege\r\n\t\t\tSeSecurityPrivilege\r\n\t\t\tSeTakeOwnershipPrivilege\r\n\t\t\tSeLoadDriverPrivilege\r\n\t\t\tSeBackupPrivilege\r\n\t\t\tSeRestorePrivilege\r\n\t\t\tSeDebugPrivilege\r\n\t\t\tSeAuditPrivilege\r\n\t\t\tSeSystemEnvironmentPrivilege\r\n\t\t\tSeImpersonatePrivilege\r\n\t\t\tSeDelegateSessionUserImpersonatePrivilege</Data></EventData></Event>","source":"Security","host":"EC2AMAZ-7TI8G2V","_time":1701145793.439,"cribl_breaker":["windows event logs (xml)","ndjson"]},{"_raw":"<Event xmlns='http://schemas.microsoft.com/win/2004/08/events/event'><System><Provider Name='Microsoft-Windows-Security-Auditing' Guid='{54849625-5478-4994-a5ba-3e3b0328c30d}'/><EventID>4634</EventID><Version>0</Version><Level>0</Level><Task>12545</Task><Opcode>0</Opcode><Keywords>0x8020000000000000</Keywords><TimeCreated SystemTime='2023-11-28T04:29:53.4437148Z'/><EventRecordID>180413</EventRecordID><Correlation/><Execution ProcessID='864' ThreadID='5696'/><Channel>Security</Channel><Computer>EC2AMAZ-7TI8G2V</Computer><Security/></System><EventData><Data Name='TargetUserSid'>S-1-5-21-2247955806-3388535418-2229372075-500</Data><Data Name='TargetUserName'>Administrator</Data><Data Name='TargetDomainName'>EC2AMAZ-7TI8G2V</Data><Data Name='TargetLogonId'>0x1f9a12</Data><Data Name='LogonType'>7</Data></EventData></Event>","source":"Security","host":"EC2AMAZ-7TI8G2V","_time":1701145793.443,"cribl_breaker":["windows event logs (xml)","ndjson"]},{"_raw":"<Event xmlns='http://schemas.microsoft.com/win/2004/08/events/event'><System><Provider Name='Microsoft-Windows-Security-Auditing' Guid='{54849625-5478-4994-a5ba-3e3b0328c30d}'/><EventID>4634</EventID><Version>0</Version><Level>0</Level><Task>12545</Task><Opcode>0</Opcode><Keywords>0x8020000000000000</Keywords><TimeCreated SystemTime='2023-11-28T04:30:01.5532683Z'/><EventRecordID>180414</EventRecordID><Correlation/><Execution ProcessID='864' ThreadID='5792'/><Channel>Security</Channel><Computer>EC2AMAZ-7TI8G2V</Computer><Security/></System><EventData><Data Name='TargetUserSid'>S-1-5-21-2247955806-3388535418-2229372075-500</Data><Data Name='TargetUserName'>Administrator</Data><Data Name='TargetDomainName'>EC2AMAZ-7TI8G2V</Data><Data Name='TargetLogonId'>0x1f5665</Data><Data Name='LogonType'>3</Data></EventData></Event>","host":"EC2AMAZ-7TI8G2V","source":"Security","_time":1701145801.553,"cribl_breaker":["windows event logs (xml)","ndjson"]},{"_raw":"<Event xmlns='http://schemas.microsoft.com/win/2004/08/events/event'><System><Provider Name='Microsoft-Windows-Security-Auditing' Guid='{54849625-5478-4994-a5ba-3e3b0328c30d}'/><EventID>4776</EventID><Version>0</Version><Level>0</Level><Task>14336</Task><Opcode>0</Opcode><Keywords>0x8020000000000000</Keywords><TimeCreated SystemTime='2023-11-28T04:29:52.2735515Z'/><EventRecordID>180404</EventRecordID><Correlation ActivityID='{5eddba75-21ac-0001-e4ba-dd5eac21da01}'/><Execution ProcessID='864' ThreadID='3180'/><Channel>Security</Channel><Computer>EC2AMAZ-7TI8G2V</Computer><Security/></System><EventData><Data Name='PackageName'>MICROSOFT_AUTHENTICATION_PACKAGE_V1_0</Data><Data Name='TargetUserName'>Administrator</Data><Data Name='Workstation'></Data><Data Name='Status'>0x0</Data></EventData></Event>","source":"Security","host":"EC2AMAZ-7TI8G2V","_time":1701145792.273,"cribl_breaker":["windows event logs (xml)","ndjson"]},{"_raw":"<Event xmlns='http://schemas.microsoft.com/win/2004/08/events/event'><System><Provider Name='Microsoft-Windows-Security-Auditing' Guid='{54849625-5478-4994-a5ba-3e3b0328c30d}'/><EventID>4672</EventID><Version>0</Version><Level>0</Level><Task>12548</Task><Opcode>0</Opcode><Keywords>0x8020000000000000</Keywords><TimeCreated SystemTime='2023-11-28T04:29:52.2736705Z'/><EventRecordID>180405</EventRecordID><Correlation ActivityID='{5eddba75-21ac-0001-e4ba-dd5eac21da01}'/><Execution ProcessID='864' ThreadID='3180'/><Channel>Security</Channel><Computer>EC2AMAZ-7TI8G2V</Computer><Security/></System><EventData><Data Name='SubjectUserSid'>S-1-5-21-2247955806-3388535418-2229372075-500</Data><Data Name='SubjectUserName'>Administrator</Data><Data Name='SubjectDomainName'>EC2AMAZ-7TI8G2V</Data><Data Name='SubjectLogonId'>0x1f5665</Data><Data Name='PrivilegeList'>SeSecurityPrivilege\r\n\t\t\tSeBackupPrivilege\r\n\t\t\tSeRestorePrivilege\r\n\t\t\tSeTakeOwnershipPrivilege\r\n\t\t\tSeDebugPrivilege\r\n\t\t\tSeSystemEnvironmentPrivilege\r\n\t\t\tSeLoadDriverPrivilege\r\n\t\t\tSeImpersonatePrivilege\r\n\t\t\tSeDelegateSessionUserImpersonatePrivilege</Data></EventData></Event>","source":"Security","host":"EC2AMAZ-7TI8G2V","_time":1701145792.273,"cribl_breaker":["windows event logs (xml)","ndjson"]},{"_raw":"<Event xmlns='http://schemas.microsoft.com/win/2004/08/events/event'><System><Provider Name='Microsoft-Windows-Security-Auditing' Guid='{54849625-5478-4994-a5ba-3e3b0328c30d}'/><EventID>4624</EventID><Version>2</Version><Level>0</Level><Task>12544</Task><Opcode>0</Opcode><Keywords>0x8020000000000000</Keywords><TimeCreated SystemTime='2023-11-28T04:29:52.2737441Z'/><EventRecordID>180406</EventRecordID><Correlation ActivityID='{5eddba75-21ac-0001-e4ba-dd5eac21da01}'/><Execution ProcessID='864' ThreadID='3180'/><Channel>Security</Channel><Computer>EC2AMAZ-7TI8G2V</Computer><Security/></System><EventData><Data Name='SubjectUserSid'>S-1-0-0</Data><Data Name='SubjectUserName'>-</Data><Data Name='SubjectDomainName'>-</Data><Data Name='SubjectLogonId'>0x0</Data><Data Name='TargetUserSid'>S-1-5-21-2247955806-3388535418-2229372075-500</Data><Data Name='TargetUserName'>Administrator</Data><Data Name='TargetDomainName'>EC2AMAZ-7TI8G2V</Data><Data Name='TargetLogonId'>0x1f5665</Data><Data Name='LogonType'>3</Data><Data Name='LogonProcessName'>NtLmSsp </Data><Data Name='AuthenticationPackageName'>NTLM</Data><Data Name='WorkstationName'>-</Data><Data Name='LogonGuid'>{00000000-0000-0000-0000-000000000000}</Data><Data Name='TransmittedServices'>-</Data><Data Name='LmPackageName'>NTLM V2</Data><Data Name='KeyLength'>128</Data><Data Name='ProcessId'>0x0</Data><Data Name='ProcessName'>-</Data><Data Name='IpAddress'>76.178.69.3</Data><Data Name='IpPort'>0</Data><Data Name='ImpersonationLevel'>%%1833</Data><Data Name='RestrictedAdminMode'>-</Data><Data Name='TargetOutboundUserName'>-</Data><Data Name='TargetOutboundDomainName'>-</Data><Data Name='VirtualAccount'>%%1843</Data><Data Name='TargetLinkedLogonId'>0x0</Data><Data Name='ElevatedToken'>%%1842</Data></EventData></Event>","host"