[{"_raw":"{\"Id\":4624,\"Version\":2,\"Qualifiers\":null,\"Level\":0,\"Task\":12544,\"Opcode\":0,\"Keywords\":-9214364837600034816,\"RecordId\":125930,\"ProviderName\":\"Microsoft-Windows-Security-Auditing\",\"ProviderId\":\"54849625-5478-4994-a5ba-3e3b0328c30d\",\"LogName\":\"Security\",\"ProcessId\":856,\"ThreadId\":6868,\"MachineName\":\"EC2AMAZ-USSD356\",\"UserId\":null,\"TimeCreated\":\"\\/Date(1677270604443)\\/\",\"ActivityId\":\"34c83709-4889-0001-f637-c8348948d901\",\"RelatedActivityId\":null,\"ContainerLog\":\"Security\",\"MatchedQueryIds\":[],\"Bookmark\":{},\"LevelDisplayName\":\"Information\",\"OpcodeDisplayName\":\"Info\",\"TaskDisplayName\":\"Logon\",\"KeywordsDisplayNames\":[\"Audit Success\"],\"Properties\":[{\"Value\":\"S-1-5-18\"},{\"Value\":\"EC2AMAZ-USSD356$\"},{\"Value\":\"WORKGROUP\"},{\"Value\":999},{\"Value\":\"S-1-5-18\"},{\"Value\":\"SYSTEM\"},{\"Value\":\"NT AUTHORITY\"},{\"Value\":999},{\"Value\":5},{\"Value\":\"Advapi  \"},{\"Value\":\"Negotiate\"},{\"Value\":\"-\"},{\"Value\":\"00000000-0000-0000-0000-000000000000\"},{\"Value\":\"-\"},{\"Value\":\"-\"},{\"Value\":0},{\"Value\":848},{\"Value\":\"C:\\\\Windows\\\\System32\\\\services.exe\"},{\"Value\":\"-\"},{\"Value\":\"-\"},{\"Value\":\"%%1833\"},{\"Value\":\"-\"},{\"Value\":\"-\"},{\"Value\":\"-\"},{\"Value\":\"%%1843\"},{\"Value\":0},{\"Value\":\"%%1842\"}],\"Message\":\"An account was successfully logged on.\\r\\n\\r\\nSubject:\\r\\n\\tSecurity ID:\\t\\tS-1-5-18\\r\\n\\tAccount Name:\\t\\tEC2AMAZ-USSD356$\\r\\n\\tAccount Domain:\\t\\tWORKGROUP\\r\\n\\tLogon ID:\\t\\t0x3E7\\r\\n\\r\\nLogon Information:\\r\\n\\tLogon Type:\\t\\t5\\r\\n\\tRestricted Admin Mode:\\t-\\r\\n\\tVirtual Account:\\t\\tNo\\r\\n\\tElevated Token:\\t\\tYes\\r\\n\\r\\nImpersonation Level:\\t\\tImpersonation\\r\\n\\r\\nNew Logon:\\r\\n\\tSecurity ID:\\t\\tS-1-5-18\\r\\n\\tAccount Name:\\t\\tSYSTEM\\r\\n\\tAccount Domain:\\t\\tNT AUTHORITY\\r\\n\\tLogon ID:\\t\\t0x3E7\\r\\n\\tLinked Logon ID:\\t\\t0x0\\r\\n\\tNetwork Account Name:\\t-\\r\\n\\tNetwork Account Domain:\\t-\\r\\n\\tLogon GUID:\\t\\t{00000000-0000-0000-0000-000000000000}\\r\\n\\r\\nProcess Information:\\r\\n\\tProcess ID:\\t\\t0x350\\r\\n\\tProcess Name:\\t\\tC:\\\\Windows\\\\System32\\\\services.exe\\r\\n\\r\\nNetwork Information:\\r\\n\\tWorkstation Name:\\t-\\r\\n\\tSource Network Address:\\t-\\r\\n\\tSource Port:\\t\\t-\\r\\n\\r\\nDetailed Authentication Information:\\r\\n\\tLogon Process:\\t\\tAdvapi  \\r\\n\\tAuthentication Package:\\tNegotiate\\r\\n\\tTransited Services:\\t-\\r\\n\\tPackage Name (NTLM only):\\t-\\r\\n\\tKey Length:\\t\\t0\\r\\n\\r\\nThis event is generated when a logon session is created. It is generated on the computer that was accessed.\\r\\n\\r\\nThe subject fields indicate the account on the local system which requested the logon. This is most commonly a service such as the Server service, or a local process such as Winlogon.exe or Services.exe.\\r\\n\\r\\nThe logon type field indicates the kind of logon that occurred. The most common types are 2 (interactive) and 3 (network).\\r\\n\\r\\nThe New Logon fields indicate the account for whom the new logon was created, i.e. the account that was logged on.\\r\\n\\r\\nThe network fields indicate where a remote logon request originated. Workstation name is not always available and may be left blank in some cases.\\r\\n\\r\\nThe impersonation level field indicates the extent to which a process in the logon session can impersonate.\\r\\n\\r\\nThe authentication information fields provide detailed information about this specific logon request.\\r\\n\\t- Logon GUID is a unique identifier that can be used to correlate this event with a KDC event.\\r\\n\\t- Transited services indicate which intermediate services have participated in this logon request.\\r\\n\\t- Package name indicates which sub-protocol was used among the NTLM protocols.\\r\\n\\t- Key length indicates the length of the generated session key. This will be 0 if no session key was requested.\"}","source":"in_win_event_logs","host":"EC2AMAZ-USSD356","_time":1677270604.443,"cribl_breaker":["Windows Event Logs:regex","ndjson"]},{"_raw":"{\"Id\":4672,\"Version\":0,\"Qualifiers\":null,\"Level\":0,\"Task\":12548,\"Opcode\":0,\"Keywords\":-9214364837600034816,\"RecordId\":125931,\"ProviderName\":\"Microsoft-Windows-Security-Auditing\",\"ProviderId\":\"54849625-5478-4994-a5ba-3e3b0328c30d\",\"LogName\":\"Security\",\"ProcessId\":856,\"ThreadId\":6868,\"MachineName\":\"EC2AMAZ-USSD356\",\"UserId\":null,\"TimeCreated\":\"\\/Date(1677270604443)\\/\",\"ActivityId\":\"34c83709-4889-0001-f637-c8348948d901\",\"RelatedActivityId\":null,\"ContainerLog\":\"Security\",\"MatchedQueryIds\":[],\"Bookmark\":{},\"LevelDisplayName\":\"Information\",\"OpcodeDisplayName\":\"Info\",\"TaskDisplayName\":\"Special Logon\",\"KeywordsDisplayNames\":[\"Audit Success\"],\"Properties\":[{\"Value\":\"S-1-5-18\"},{\"Value\":\"SYSTEM\"},{\"Value\":\"NT AUTHORITY\"},{\"Value\":999},{\"Value\":\"SeAssignPrimaryTokenPrivilege\\r\\n\\t\\t\\tSeTcbPrivilege\\r\\n\\t\\t\\tSeSecurityPrivilege\\r\\n\\t\\t\\tSeTakeOwnershipPrivilege\\r\\n\\t\\t\\tSeLoadDriverPrivilege\\r\\n\\t\\t\\tSeBackupPrivilege\\r\\n\\t\\t\\tSeRestorePrivilege\\r\\n\\t\\t\\tSeDebugPrivilege\\r\\n\\t\\t\\tSeAuditPrivilege\\r\\n\\t\\t\\tSeSystemEnvironmentPrivilege\\r\\n\\t\\t\\tSeImpersonatePrivilege\\r\\n\\t\\t\\tSeDelegateSessionUserImpersonatePrivilege\"}],\"Message\":\"Special privileges assigned to new logon.\\r\\n\\r\\nSubject:\\r\\n\\tSecurity ID:\\t\\tS-1-5-18\\r\\n\\tAccount Name:\\t\\tSYSTEM\\r\\n\\tAccount Domain:\\t\\tNT AUTHORITY\\r\\n\\tLogon ID:\\t\\t0x3E7\\r\\n\\r\\nPrivileges:\\t\\tSeAssignPrimaryTokenPrivilege\\r\\n\\t\\t\\tSeTcbPrivilege\\r\\n\\t\\t\\tSeSecurityPrivilege\\r\\n\\t\\t\\tSeTakeOwnershipPrivilege\\r\\n\\t\\t\\tSeLoadDriverPrivilege\\r\\n\\t\\t\\tSeBackupPrivilege\\r\\n\\t\\t\\tSeRestorePrivilege\\r\\n\\t\\t\\tSeDebugPrivilege\\r\\n\\t\\t\\tSeAuditPrivilege\\r\\n\\t\\t\\tSeSystemEnvironmentPrivilege\\r\\n\\t\\t\\tSeImpersonatePrivilege\\r\\n\\t\\t\\tSeDelegateSessionUserImpersonatePrivilege\"}","source":"in_win_event_logs","host":"EC2AMAZ-USSD356","_time":1677270604.443,"cribl_breaker":["Windows Event Logs:regex","ndjson"]},{"_raw":"{\"Id\":4647,\"Version\":0,\"Qualifiers\":null,\"Level\":0,\"Task\":12545,\"Opcode\":0,\"Keywords\":-9214364837600034816,\"RecordId\":125932,\"ProviderName\":\"Microsoft-Windows-Security-Auditing\",\"ProviderId\":\"54849625-5478-4994-a5ba-3e3b0328c30d\",\"LogName\":\"Security\",\"ProcessId\":856,\"ThreadId\":6868,\"MachineName\":\"EC2AMAZ-USSD356\",\"UserId\":null,\"TimeCreated\":\"\\/Date(1677270686026)\\/\",\"ActivityId\":\"34c83709-4889-0001-f637-c8348948d901\",\"RelatedActivityId\":null,\"ContainerLog\":\"Security\",\"MatchedQueryIds\":[],\"Bookmark\":{},\"LevelDisplayName\":\"Information\",\"OpcodeDisplayName\":\"Info\",\"TaskDisplayName\":\"Logoff\",\"KeywordsDisplayNames\":[\"Audit Success\"],\"Properties\":[{\"Value\":\"S-1-5-21-3471222382-1465441896-3305062734-500\"},{\"Value\":\"Administrator\"},{\"Value\":\"EC2AMAZ-USSD356\"},{\"Value\":750754}],\"Message\":\"User initiated logoff:\\r\\n\\r\\nSubject:\\r\\n\\tSecurity ID:\\t\\tS-1-5-21-3471222382-1465441896-3305062734-500\\r\\n\\tAccount Name:\\t\\tAdministrator\\r\\n\\tAccount Domain:\\t\\tEC2AMAZ-USSD356\\r\\n\\tLogon ID:\\t\\t0xB74A2\\r\\n\\r\\nThis event is generated when a logoff is initiated. No further user-initiated activity can occur. This event can be interpreted as a logoff event.\"}","source":"in_win_event_logs","host":"EC2AMAZ-USSD356","_time":1677270686.026,"cribl_breaker":["Windows Event Logs:regex","ndjson"]},{"_raw":"{\"Id\":4634,\"Version\":0,\"Qualifiers\":null,\"Level\":0,\"Task\":12545,\"Opcode\":0,\"Keywords\":-9214364837600034816,\"RecordId\":125933,\"ProviderName\":\"Microsoft-Windows-Security-Auditing\",\"ProviderId\":\"54849625-5478-4994-a5ba-3e3b0328c30d\",\"LogName\":\"Security\",\"ProcessId\":856,\"ThreadId\":4076,\"MachineName\":\"EC2AMAZ-USSD356\",\"UserId\":null,\"TimeCreated\":\"\\/Date(1677270686483)\\/\",\"ActivityId\":null,\"RelatedActivityId\":null,\"ContainerLog\":\"Security\",\"MatchedQueryIds\":[],\"Bookmark\":{},\"LevelDisplayName\":\"Information\",\"OpcodeDisplayName\":\"Info\",\"TaskDisplayName\":\"Logoff\",\"KeywordsDisplayNames\":[\"Audit Success\"],\"Properties\":[{\"Value\":\"S-1-5-96-0-2\"},{\"Value\":\"UMFD-2\"},{\"Value\":\"Font Driver Host\"},{\"Value\":704279},{\"Value\":2}],\"Message\":\"An account was logged off.\\r\\n\\r\\nSubject:\\r\\n\\tSecurity ID:\\t\\tS-1-5-96-0-2\\r\\n\\tAccount Name:\\t\\tUMFD-2\\r\\n\\tAccount Domain:\\t\\tFont Driver Host\\r\\n\\tLogon ID:\\t\\t0xABF17\\r\\n\\r\\nLogon Type:\\t\\t\\t2\\r\\n\\r\\nThis event is generated when a logon session is destroyed. It may be positively correlated with a logon event using the Logon ID value. Logon IDs are only unique between reboots on the same computer.\"}","source":"in_win_event_logs","host":"EC2AMAZ-USSD356","_time":1677270686.483,"cribl_breaker":["Windows Event Logs:regex","ndjson"]},{"_raw":"{\"Id\":4634,\"Version\":0,\"Qualifiers\":null,\"Level\":0,\"Task\":12545,\"Opcode\":0,\"Keywords\":-9214364837600034816,\"RecordId\":125934,\"ProviderName\":\"Microsoft-Windows-Security-Auditing\",\"ProviderId\":\"54849625-5478-4994-a5ba-3e3b0328c30d\",\"LogName\":\"Security\",\"ProcessId\":856,\"ThreadId\":4076,\"MachineName\":\"EC2AMAZ-USSD356\",\"UserId\":null,\"TimeCreated\":\"\\/Date(1677270686690)\\/\",\"ActivityId\":null,\"RelatedActivityId\":null,\"ContainerLog\":\"Security\",\"MatchedQueryIds\":[],\"Bookmark\":{},\"LevelDisplayName\":\"Information\",\"OpcodeDisplayName\":\"Info\",\"TaskDisplayName\":\"Logoff\",\"KeywordsDisplayNames\":[\"Audit Success\"],\"Properties\":[{\"Value\":\"S-1-5-21-3471222382-1465441896-3305062734-500\"},{\"Value\":\"Administrator\"},{\"Value\":\"EC2AMAZ-USSD356\"},{\"Value\":690376},{\"Value\":3}],\"Message\":\"An account was logged off.\\r\\n\\r\\nSubject:\\r\\n\\tSecurity ID:\\t\\tS-1-5-21-3471222382-1465441896-3305062734-500\\r\\n\\tAccount Name:\\t\\tAdministrator\\r\\n\\tAccount Domain:\\t\\tEC2AMAZ-USSD356\\r\\n\\tLogon ID:\\t\\t0xA88C8\\r\\n\\r\\nLogon Type:\\t\\t\\t3\\r\\n\\r\\nThis event is generated when a logon session is destroyed. It may be positively correlated with a logon event using the Logon ID value. Logon IDs are only unique between reboots on the same computer.\"}","source":"in_win_event_logs","host":"EC2AMAZ-USSD356","_time":1677270686.69,"cribl_breaker":["Windows Event Logs:regex","ndjson"]},{"_raw":"{\"Id\":4634,\"Version\":0,\"Qualifiers\":null,\"Level\":0,\"Task\":12545,\"Opcode\":0,\"Keywords\":-9214364837600034816,\"RecordId\":125935,\"ProviderName\":\"Microsoft-Windows-Security-Auditing\",\"ProviderId\":\"54849625-5478-4994-a5ba-3e3b0328c30d\",\"LogName\":\"Security\",\"ProcessId\":856,\"ThreadId\":4176,\"MachineName\":\"EC2AMAZ-USSD356\",\"UserId\":null,\"TimeCreated\":\"\\/Date(1677270687862)\\/\",\"ActivityId\":null,\"RelatedActivityId\":null,\"ContainerLog\":\"Security\",\"MatchedQueryIds\":[],\"Bookmark\":{},\"LevelDisplayName\":\"Information\",\"OpcodeDisplayName\":\"Info\",\"TaskDisplayName\":\"Logoff\",\"KeywordsDisplayNames\":[\"Audit Success\"],\"Properties\":[{\"Value\":\"S-1-5-90-0-2\"},{\"Value\":\"DWM-2\"},{\"Value\":\"Window Manager\"},{\"Value\":706314},{\"Value\":2}],\"Message\":\"An account was logged off.\\r\\n\\r\\nSubject:\\r\\n\\tSecurity ID:\\t\\tS-1-5-90-0-2\\r\\n\\tAccount Name:\\t\\tDWM-2\\r\\n\\tAccount Domain:\\t\\tWindow Manager\\r\\n\\tLogon ID:\\t\\t0xAC70A\\r\\n\\r\\nLogon Type:\\t\\t\\t2\\r\\n\\r\\nThis event is generated when a logon session is destroyed. It may be positively correlated with a logon event using the Logon ID value. Logon IDs are only unique between reboots on the same computer.\"}","source":"in_win_event_logs","host":"EC2AMAZ-USSD356","_time":1677270687.862,"cribl_breaker":["Windows Event Logs:regex","ndjson"]},{"_raw":"{\"Id\":4634,\"Version\":0,\"Qualifiers\":null,\"Level\":0,\"Task\":12545,\"Opcode\":0,\"Keywords\":-9214364837600034816,\"RecordId\":125936,\"ProviderName\":\"Microsoft-Windows-Security-Auditing\",\"ProviderId\":\"54849625-5478-4994-a5ba-3e3b0328c30d\",\"LogName\":\"Security\",\"ProcessId\":856,\"ThreadId\":4176,\"MachineName\":\"EC2AMAZ-USSD356\",\"UserId\":null,\"TimeCreated\":\"\\/Date(1677270687862)\\/\",\"ActivityId\":null,\"RelatedActivityId\":null,\"ContainerLog\":\"Security\",\"MatchedQueryIds\":[],\"Bookmark\":{},\"LevelDisplayName\":\"Information\",\"OpcodeDisplayName\":\"Info\",\"TaskDisplayName\":\"Logoff\",\"KeywordsDisplayNames\":[\"Audit Success\"],\"Properties\":[{\"Value\":\"S-1-5-90-0-2\"},{\"Value\":\"DWM-2\"},{\"Value\":\"Window Manager\"},{\"Value\":706175},{\"Value\":2}],\"Message\":\"An account was logged off.\\r\\n\\r\\nSubject:\\r\\n\\tSecurity ID:\\t\\tS-1-5-90-0-2\\r\\n\\tAccount Name:\\t\\tDWM-2\\r\\n\\tAccount Domain:\\t\\tWindow Manager\\r\\n\\tLogon ID:\\t\\t0xAC67F\\r\\n\\r\\nLogon Type:\\t\\t\\t2\\r\\n\\r\\nThis event is generated when a logon session is destroyed. It may be positively correlated with a logon event using the Logon ID value. Logon IDs are only unique between reboots on the same computer.\"}","source":"in_win_event_logs","host":"EC2AMAZ-USSD356","_time":1677270687.862,"cribl_breaker":["Windows Event Logs:regex","ndjson"]},{"_raw":"{\"Id\":4776,\"Version\":0,\"Qualifiers\":null,\"Level\":0,\"Task\":14336,\"Opcode\":0,\"Keywords\":-9214364837600034816,\"RecordId\":125937,\"ProviderName\":\"Microsoft-Windows-Security-Auditing\",\"ProviderId\":\"54849625-5478-4994-a5ba-3e3b0328c30d\",\"LogName\":\"Security\",\"ProcessId\":856,\"ThreadId\":4076,\"MachineName\":\"EC2AMAZ-USSD356\",\"UserId\":null,\"TimeCreated\":\"\\/Date(1677270697461)\\/\",\"ActivityId\":\"34c83709-4889-0001-f637-c8348948d901\",\"RelatedActivityId\":null,\"ContainerLog\":\"Security\",\"MatchedQueryIds\":[],\"Bookmark\":{},\"LevelDisplayName\":\"Information\",\"OpcodeDisplayName\":\"Info\",\"TaskDisplayName\":\"Credential Validation\",\"KeywordsDisplayNames\":[\"Audit Success\"],\"Properties\":[{\"Value\":\"MICROSOFT_AUTHENTICATION_PACKAGE_V1_0\"},{\"Value\":\"Administrator\"},{\"Value\":\"\"},{\"Value\":0}],\"Message\":\"The computer attempted to validate the credentials for an account.\\r\\n\\r\\nAuthentication Package:\\tMICROSOFT_AUTHENTICATION_PACKAGE_V1_0\\r\\nLogon Account:\\tAdministrator\\r\\nSource Workstation:\\t\\r\\nError Code:\\t0x0\"}","source":"in_win_event_logs","host":"EC2AMAZ-USSD356","_time":1677270697.461,"cribl_breaker":["Windows Event Logs:regex","ndjson"]},{"_raw":"{\"Id\":4672,\"Version\":0,\"Qualifiers\":null,\"Level\":0,\"Task\":12548,\"Opcode\":0,\"Keywords\":-9214364837600034816,\"RecordId\":125938,\"ProviderName\":\"Microsoft-Windows-Security-Auditing\",\"ProviderId\":\"54849625-5478-4994-a5ba-3e3b0328c30d\",\"LogName\":\"Security\",\"ProcessId\":856,\"ThreadId\":4076,\"MachineName\":\"EC2AMAZ-USSD356\",\"UserId\":null,\"TimeCreated\":\"\\/Date(1677270697461)\\/\",\"ActivityId\":\"34c83709-4889-0001-f637-c8348948d901\",\"RelatedActivityId\":null,\"ContainerLog\":\"Security\",\"MatchedQueryIds\":[],\"Bookmark\":{},\"LevelDisplayName\":\"Information\",\"OpcodeDisplayName\":\"Info\",\"TaskDisplayName\":\"Special Logon\",\"KeywordsDisplayNames\":[\"Audit Success\"],\"Properties\":[{\"Value\":\"S-1-5-21-3471222382-1465441896-3305062734-500\"},{\"Value\":\"Administrator\"},{\"Value\":\"EC2AMAZ-USSD356\"},{\"Value\":7567167},{\"Value\":\"SeSecurityPrivilege\\r\\n\\t\\t\\tSeBackupPrivilege\\r\\n\\t\\t\\tSeRestorePrivilege\\r\\n\\t\\t\\tSeTakeOwnershipPrivilege\\r\\n\\t\\t\\tSeDebugPrivilege\\r\\n\\t\\t\\tSeSystemEnvironmentPrivilege\\r\\n\\t\\t\\tSeLoadDriverPrivilege\\r\\n\\t\\t\\tSeImpersonatePrivilege\\r\\n\\t\\t\\tSeDelegateSessionUserImpersonatePrivilege\"}],\"Message\":\"Special privileges assigned to new logon.\\r\\n\\r\\nSubject:\\r\\n\\tSecurity ID:\\t\\tS-1-5-21-3471222382-1465441896-3305062734-500\\r\\n\\tAccount Name:\\t\\tAdministrator\\r\\n\\tAccount Domain:\\t\\tEC2AMAZ-USSD356\\r\\n\\tLogon ID:\\t\\t0x73773F\\r\\n\\r\\nPrivileges:\\t\\tSeSecurityPrivilege\\r\\n\\t\\t\\tSeBackupPrivilege\\r\\n\\t\\t\\tSeRestorePrivilege\\r\\n\\t\\t\\tSeTakeOwnershipPrivilege\\r\\n\\t\\t\\tSeDebugPrivilege\\r\\n\\t\\t\\tSeSystemEnvironmentPrivilege\\r\\n\\t\\t\\tSeLoadDriverPrivilege\\r\\n\\t\\t\\tSeImpersonatePrivilege\\r\\n\\t\\t\\tSeDelegateSessionUserImpersonatePrivilege\"}","source":"in_win_event_logs","host":"EC2AMAZ-USSD356","_time":1677270697.461,"cribl_breaker":["Windows Event Logs:regex","ndjson"]},{"_raw":"{\"Id\":4624,\"Version\":2,\"Qualifiers\":null,\"Level\":0,\"Task\":12544,\"Opcode\":0,\"Keywords\":-9214364837600034816,\"RecordId\":125939,\"ProviderName\":\"Microsoft-Windows-Security-Auditing\",\"ProviderId\":\"54849625-5478-4994-a5ba-3e3b0328c30d\",\"LogName\":\"Security\",\"ProcessId\":856,\"ThreadId\":4076,\"MachineName\":\"EC2AMAZ-USSD356\",\"UserId\":null,\"TimeCreated\":\"\\/Date(1677270697461)\\/\",\"ActivityId\":\"34c83709-4889-0001-f637-c8348948d901\",\"RelatedActivityId\":null,\"ContainerLog\":\"Security\",\"MatchedQueryIds\":[],\"Bookmark\":{},\"LevelDisplayName\":\"Information\",\"OpcodeDisplayName\":\"Info\",\"TaskDisplayName\":\"Logon\",\"KeywordsDisplayNames\":[\"Audit Success\"],\"Properties\":[{\"Value\":\"S-1-0-0\"},{\"Value\":\"-\"},{\"Value\":\"-\"},{\"Value\":0},{\"Value\":\"S-1-5-21-3471222382-1465441896-3305062734-500\"},{\"Value\":\"Administrator\"},{\"Value\":\"EC2AMAZ-USSD356\"},{\"Value\":7567167},{\"Value\":3},{\"Value\":\"NtLmSsp \"},{\"Value\":\"NTLM\"},{\"Value\":\"-\"},{\"Value\":\"00000000-0000-0000-0000-000000000000\"},{\"Value\":\"-\"},{\"Value\":\"NTLM V2\"},{\"Value\":128},{\"Value\":0},{\"Value\":\"-\"},{\"Value\":\"76.86.5.66\"},{\"Value\":\"0\"},{\"Value\":\"%%1833\"},{\"Value\":\"-\"},{\"Value\":\"-\"},{\"Value\":\"-\"},{\"Value\":\"%%1843\"},{\"Value\":0},{\"Value\":\"%%1842\"}],\"Message\":\"An account was successfully logged on.\\r\\n\\r\\nSubject:\\r\\n\\tSecurity ID:\\t\\tS-1-0-0\\r\\n\\tAccount Name:\\t\\t-\\r\\n\\tAccount Domain:\\t\\t-\\r\\n\\tLogon ID:\\t\\t0x0\\r\\n\\r\\nLogon Information:\\r\\n\\tLogon Type:\\t\\t3\\r\\n\\tRestricted Admin Mode:\\t-\\r\\n\\tVirtual Account:\\t\\tNo\\r\\n\\tElevated Token:\\t\\tYes\\r\\n\\r\\nImpersonation Level:\\t\\tImpersonation\\r\\n\\r\\nNew Logon:\\r\\n\\tSecurity ID:\\t\\tS-1-5-21-3471222382-1465441896-3305062734-500\\r\\n\\tAccount Name:\\t\\tAdministrator\\r\\n\\tAccount Domain:\\t\\tEC2AMAZ-USSD356\\r\\n\\tLogon ID:\\t\\t0x73773F\\r\\n\\tLinked Logon ID:\\t\\t0x0\\r\\n\\tNetwork Account Name:\\t-\\r\\n\\tNetwork Account Domain:\\t-\\r\\n\\tLogon GUID:\\t\\t{00000000-0000-0000-0000-000000000000}\\r\\n\\r\\nProcess Information:\\r\\n\\tProcess ID:\\t\\t0x0\\r\\n\\tProcess Name:\\t\\t-\\r\\n\\r\\nNetwork Information:\\r\\n\\tWorkstation Name:\\t-\\r\\n\\tSource Network Address:\\t76.86.5.66\\r\\n\\tSource Port:\\t\\t0\\r\\n\\r\\nDetailed Authentication Information:\\r\\n\\tLogon Process:\\t\\tNtLmSsp \\r\\n\\tAuthentication Package:\\tNTLM\\r\\n\\tTransited Services:\\t-\\r\\n\\tPackage Name (NTLM only):\\tNTLM V2\\r\\n\\tKey Length:\\t\\t128\\r\\n\\r\\nThis event is generated when a logon session is created. It is generated on the computer that was accessed.\\r\\n\\r\\nThe subject fields indicate the account on the local system which requested the logon. This is most commonly a service such as the Server service, or a local process such as Winlogon.exe or Services.exe.\\r\\n\\r\\nThe logon type field indicates the kind of logon that occurred. The most common types are 2 (interactive) and 3 (network).\\r\\n\\r\\nThe New Logon fields indicate the account for whom the new logon was created, i.e. the account that was logged on.\\r\\n\\r\\nThe network fields indicate where a remote logon request originated. Workstation name is not always available and may be left blank in some cases.\\r\\n\\r\\nThe impersonation level field indicates the extent to which a process in the logon session can impersonate.\\r\\n\\r\\nThe authentication information fields provide detailed information about this specific logon request.\\r\\n\\t- Logon GUID is a unique identifier that can be used to correlate this event with a KDC event.\\r\\n\\t- Transited services indicate which intermediate services have participated in this logon request.\\r\\n\\t- Package name indicates which sub-protocol was used among the NTLM protocols.\\r\\n\\t- Key length indicates the length of the generated session key. This will be 0 if no session key was requested.\"}","source":"in_win_event_logs","host":"EC2AMAZ-USSD356","_time":1677270697.461,"cribl_breaker":["Windows Event Logs:regex","ndjson"]},{"_raw":"{\"Id\":4624,\"Version\":2,\"Qualifiers\":null,\"Level\":0,\"Task\":12544,\"Opcode\":0,\"Keywords\":-9214364837600034816,\"RecordId\":125930,\"ProviderName\":\"Microsoft-Windows-Security-Auditing\",\"ProviderId\":\"54849625-5478-4994-a5ba-3e3b0328c30d\",\"LogName\":\"Security\",\"ProcessId\":856,\"ThreadId\":6868,\"MachineName\":\"EC2AMAZ-USSD356\",\"UserId\":null,\"TimeCreated\":\"\\/Date(1677270604443)\\/\",\"ActivityId\":\"34c83709-4889-0001-f637-c8348948d901\",\"RelatedActivityId\":null,\"ContainerLog\":\"Security\",\"MatchedQueryIds\":[],\"Bookmark\":{},\"LevelDisplayName\":\"Information\",\"OpcodeDisplayName\":\"Info\",\"TaskDisplayName\":\"Logon\",\"KeywordsDisplayNames\":[\"Audit Success\"],\"Properties\":[{\"Value\":\"S-1-5-18\"},{\"Value\":\"EC2AMAZ-USSD356$\"},{\"Value\":\"WORKGROUP\"},{\"Value\":999},{\"Value\":\"S-1-5-18\"},{\"Value\":\"SYSTEM\"},{\"Value\":\"NT AUTHORITY\"},{\"Value\":999},{\"Value\":5},{\"Value\":\"Advapi  \"},{\"Value\":\"Negotiate\"},{\"Value\":\"-\"},{\"Value\":\"00000000-0000-0000-0000-000000000000\"},{\"Value\":\"-\"},{\"Value\":\"-\"},{\"Value\":0},{\"Value\":848},{\"Value\":\"C:\\\\Windows\\\\System32\\\\services.exe\"},{\"Value\":\"-\"},{\"Value\":\"-\"},{\"Value\":\"%%1833\"},{\"Value\":\"-\"},{\"Value\":\"-\"},{\"Value\":\"-\"},{\"Value\":\"%%1843\"},{\"Value\":0},{\"Value\":\"%%1842\"}],\"Message\":\"An account was successfully logged on.\\r\\n\\r\\nSubject:\\r\\n\\tSecurity ID:\\t\\tS-1-5-18\\r\\n\\tAccount Name:\\t\\tEC2AMAZ-USSD356$\\r\\n\\tAccount Domain:\\t\\tWORKGROUP\\r\\n\\tLogon ID:\\t\\t0x3E7\\r\\n\\r\\nLogon Information:\\r\\n\\tLogon Type:\\t\\t5\\r\\n\\tRestricted Admin Mode:\\t-\\r\\n\\tVirtual Account:\\t\\tNo\\r\\n\\tElevated Token:\\t\\tYes\\r\\n\\r\\nImpersonation Level:\\t\\tImpersonation\\r\\n\\r\\nNew Logon:\\r\\n\\tSecurity ID:\\t\\tS-1-5-18\\r\\n\\tAccount Name:\\t\\tSYSTEM\\r\\n\\tAccount Domain:\\t\\tNT AUTHORITY\\r\\n\\tLogon ID:\\t\\t0x3E7\\r\\n\\tLinked Logon ID:\\t\\t0x0\\r\\n\\tNetwork Account Name:\\t-\\r\\n\\tNetwork Account Domain:\\t-\\r\\n\\tLogon GUID:\\t\\t{00000000-0000-0000-0000-000000000000}\\r\\n\\r\\nProcess Information:\\r\\n\\tProcess ID:\\t\\t0x350\\r\\n\\tProcess Name:\\t\\tC:\\\\Windows\\\\System32\\\\services.exe\\r\\n\\r\\nNetwork Information:\\r\\n\\tWorkstation Name:\\t-\\r\\n\\tSource Network Address:\\t-\\r\\n\\tSource Port:\\t\\t-\\r\\n\\r\\nDetailed Authentication Information:\\r\\n\\tLogon Process:\\t\\tAdvapi  \\r\\n\\tAuthentication Package:\\tNegotiate\\r\\n\\tTransited Services:\\t-\\r\\n\\tPackage Name (NTLM only):\\t-\\r\\n\\tKey Length:\\t\\t0\\r\\n\\r\\nThis event is generated when a logon session is created. It is generated on the computer that was accessed.\\r\\n\\r\\nThe subject fields indicate the account on the local system which requested the logon. This is most commonly a service such as the Server service, or a local process such as Winlogon.exe or Services.exe.\\r\\n\\r\\nThe logon type field indicates the kind of logon that occurred. The most common types are 2 (interactive) and 3 (network).\\r\\n\\r\\nThe New Logon fields indicate the account for whom the new logon was created, i.e. the account that was logged on.\\r\\n\\r\\nThe network fields indicate where a remote logon request originated. Workstation name is not always available and may be left blank in some cases.\\r\\n\\r\\nThe impersonation level field indicates the extent to which a process in the logon session can impersonate.\\r\\n\\r\\nThe authentication information fields provide detailed information about this specific logon request.\\r\\n\\t- Logon GUID is a unique identifier that can be used to correlate this event with a KDC event.\\r\\n\\t- Transited services indicate which intermediate services have participated in this logon request.\\r\\n\\t- Package name indicates which sub-protocol was used among the NTLM protocols.\\r\\n\\t- Key length indicates the length of the generated session key. This will be 0 if no session key was requested.\"}","source":"in_win_event_logs","host":"EC2AMAZ-USSD356","_time":1677270604.443,"cribl_breaker":["Windows Event Logs:regex","ndjson"]},{"_raw":"{\"Id\":4672,\"Version\":0,\"Qualifiers\":null,\"Level\":0,\"Task\":12548,\"Opcode\":0,\"Keywords\":-9214364837600034816,\"RecordId\":125931,\"ProviderName\":\"Microsoft-Windows-Security-Auditing\",\"ProviderId\":\"54849625-5478-4994-a5ba-3e3b0328c30d\",\"LogName\":\"Security\",\"ProcessId\":856,\"ThreadId\":6868,\"MachineName\":\"EC2AMAZ-USSD356\",\"UserId\":null,\"TimeCreated\":\"\\/Date(1677270604443)\\/\",\"ActivityId\":\"34c83709-4889-0001-f637-c8348948d901\",\"RelatedActivityId\":null,\"ContainerLog\":\"Security\",\"MatchedQueryIds\":[],\"Bookmark\":{},\"LevelDisplayName\":\"Information\",\"OpcodeDisplayName\":\"Info\",\"TaskDisplayName\":\"Special Logon\",\"KeywordsDisplayNames\":[\"Audit Success\"],\"Properties\":[{\"Value\":\"S-1-5-18\"},{\"Value\":\"SYSTEM\"},{\"Value\":\"NT AUTHORITY\"},{\"Value\":999},{\"Value\":\"SeAssignPrimaryTokenPrivilege\\r\\n\\t\\t\\tSeTcbPrivilege\\r\\n\\t\\t\\tSeSecurityPrivilege\\r\\n\\t\\t\\tSeTakeOwnershipPrivilege\\r\\n\\t\\t\\tSeLoadDriverPrivilege\\r\\n\\t\\t\\tSeBackupPrivilege\\r\\n\\t\\t\\tSeRestorePrivilege\\r\\n\\t\\t\\tSeDebugPrivilege\\r\\n\\t\\t\\tSeAuditPrivilege\\r\\n\\t\\t\\tSeSystemEnvironmentPrivilege\\r\\n\\t\\t\\tSeImpersonatePrivilege\\r\\n\\t\\t\\tSeDelegateSessionUserImpersonatePrivilege\"}],\"Message\":\"Special privileges assigned to new logon.\\r\\n\\r\\nSubject:\\r\\n\\tSecurity ID:\\t\\tS-1-5-18\\r\\n\\tAccount Name:\\t\\tSYSTEM\\r\\n\\tAccount Domain:\\t\\tNT AUTHORITY\\r\\n\\tLogon ID:\\t\\t0x3E7\\r\\n\\r\\nPrivileges:\\t\\tSeAssignPrimaryTokenPrivilege\\r\\n\\t\\t\\tSeTcbPrivilege\\r\\n\\t\\t\\tSeSecurityPrivilege\\r\\n\\t\\t\\tSeTakeOwnershipPrivilege\\r\\n\\t\\t\\tSeLoadDriverPrivilege\\r\\n\\t\\t\\tSeBackupPrivilege\\r\\n\\t\\t\\tSeRestorePrivilege\\r\\n\\t\\t\\tSeDebugPrivilege\\r\\n\\t\\t\\tSeAuditPrivilege\\r\\n\\t\\t\\tSeSystemEnvironmentPrivilege\\r\\n\\t\\t\\tSeImpersonatePrivilege\\r\\n\\t\\t\\tSeDelegateSessionUserImpersonatePrivilege\"}","source":"in_win_event_logs","host":"EC2AMAZ-USSD356","_time":1677270604.443,"cribl_breaker":["Windows Event Logs:regex","ndjson"]},{"_raw":"{\"Id\":4647,\"Version\":0,\"Qualifiers\":null,\"Level\":0,\"Task\":12545,\"Opcode\":0,\"Keywords\":-9214364837600034816,\"RecordId\":125932,\"ProviderName\":\"Microsoft-Windows-Security-Auditing\",\"ProviderId\":\"54849625-5478-4994-a5ba-3e3b0328c30d\",\"LogName\":\"Security\",\"ProcessId\":856,\"ThreadId\":6868,\"MachineName\":\"EC2AMAZ-USSD356\",\"UserId\":null,\"TimeCreated\":\"\\/Date(1677270686026)\\/\",\"ActivityId\":\"34c83709-4889-0001-f637-c8348948d901\",\"RelatedActivityId\":null,\"ContainerLog\":\"Security\",\"MatchedQueryIds\":[],\"Bookmark\":{},\"LevelDisplayName\":\"Information\",\"OpcodeDisplayName\":\"Info\",\"TaskDisplayName\":\"Logoff\",\"KeywordsDisplayNames\":[\"Audit Success\"],\"Properties\":[{\"Value\":\"S-1-5-21-3471222382-1465441896-3305062734-500\"},{\"Value\":\"Administrator\"},{\"Value\":\"EC2AMAZ-USSD356\"},{\"Value\":750754}],\"Message\":\"User initiated logoff:\\r\\n\\r\\nSubject:\\r\\n\\tSecurity ID:\\t\\tS-1-5-21-3471222382-1465441896-3305062734-500\\r\\n\\tAccount Name:\\t\\tAdministrator\\r\\n\\tAccount Domain:\\t\\tEC2AMAZ-USSD356\\r\\n\\tLogon ID:\\t\\t0xB74A2\\r\\n\\r\\nThis event is generated when a logoff is initiated. No further user-initiated activity can occur. This event can be interpreted as a logoff event.\"}","source":"in_win_event_logs","host":"EC2AMAZ-USSD356","_time":1677270686.026,"cribl_breaker":["Windows Event Logs:regex","ndjson"]},{"_raw":"{\"Id\":4634,\"Version\":0,\"Qualifiers\":null,\"Level\":0,\"Task\":12545,\"Opcode\":0,\"Keywords\":-9214364837600034816,\"RecordId\":125933,\"ProviderName\":\"Microsoft-Windows-Security-Auditing\",\"ProviderId\":\"54849625-5478-4994-a5ba-3e3b0328c30d\",\"LogName\":\"Security\",\"ProcessId\":856,\"ThreadId\":4076,\"MachineName\":\"EC2AMAZ-USSD356\",\"UserId\":null,\"TimeCreated\":\"\\/Date(1677270686483)\\/\",\"ActivityId\":null,\"RelatedActivityId\":null,\"ContainerLog\":\"Security\",\"MatchedQueryIds\":[],\"Bookmark\":{},\"LevelDisplayName\":\"Information\",\"OpcodeDisplayName\":\"Info\",\"TaskDisplayName\":\"Logoff\",\"KeywordsDisplayNames\":[\"Audit Success\"],\"Properties\":[{\"Value\":\"S-1-5-96-0-2\"},{\"Value\":\"UMFD-2\"},{\"Value\":\"Font Driver Host\"},{\"Value\":704279},{\"Value\":2}],\"Message\":\"An account was logged off.\\r\\n\\r\\nSubject:\\r\\n\\tSecurity ID:\\t\\tS-1-5-96-0-2\\r\\n\\tAccount Name:\\t\\tUMFD-2\\r\\n\\tAccount Domain:\\t\\tFont Driver Host\\r\\n\\tLogon ID:\\t\\t0xABF17\\r\\n\\r\\nLogon Type:\\t\\t\\t2\\r\\n\\r\\nThis event is generated when a logon session is destroyed. It may be positively correlated with a logon event using the Logon ID value. Logon IDs are only unique between reboots on the same computer.\"}","source":"in_win_event_logs","host":"EC2AMAZ-USSD356","_time":1677270686.483,"cribl_breaker":["Windows Event Logs:regex","ndjson"]},{"_raw":"{\"Id\":4634,\"Version\":0,\"Qualifiers\":null,\"Level\":0,\"Task\":12545,\"Opcode\":0,\"Keywords\":-9214364837600034816,\"RecordId\":125934,\"ProviderName\":\"Microsoft-Windows-Security-Auditing\",\"ProviderId\":\"54849625-5478-4994-a5ba-3e3b0328c30d\",\"LogName\":\"Security\",\"ProcessId\":856,\"ThreadId\":4076,\"MachineName\":\"EC2AMAZ-USSD356\",\"UserId\":null,\"TimeCreated\":\"\\/Date(1677270686690)\\/\",\"ActivityId\":null,\"RelatedActivityId\":null,\"ContainerLog\":\"Security\",\"MatchedQueryIds\":[],\"Bookmark\":{},\"LevelDisplayName\":\"Information\",\"OpcodeDisplayName\":\"Info\",\"TaskDisplayName\":\"Logoff\",\"KeywordsDisplayNames\":[\"Audit Success\"],\"Properties\":[{\"Value\":\"S-1-5-21-3471222382-1465441896-3305062734-500\"},{\"Value\":\"Administrator\"},{\"Value\":\"EC2AMAZ-USSD356\"},{\"Value\":690376},{\"Value\":3}],\"Message\":\"An account was logged off.\\r\\n\\r\\nSubject:\\r\\n\\tSecurity ID:\\t\\tS-1-5-21-3471222382-1465441896-3305062734-500\\r\\n\\tAccount Name:\\t\\tAdministrator\\r\\n\\tAccount Domain:\\t\\tEC2AMAZ-USSD356\\r\\n\\tLogon ID:\\t\\t0xA88C8\\r\\n\\r\\nLogon Type:\\t\\t\\t3\\r\\n\\r\\nThis event is generated when a logon session is destroyed. It may be positively correlated with a logon event using the Logon ID value. Logon IDs are only unique between reboots on the same computer.\"}","source":"in_win_event_logs","host":"EC2AMAZ-USSD356","_time":1677270686.69,"cribl_breaker":["Windows Event Logs:regex","ndjson"]},{"_raw":"{\"Id\":4634,\"Version\":0,\"Qualifiers\":null,\"Level\":0,\"Task\":12545,\"Opcode\":0,\"Keywords\":-9214364837600034816,\"RecordId\":125935,\"ProviderName\":\"Microsoft-Windows-Security-Auditing\",\"ProviderId\":\"54849625-5478-4994-a5ba-3e3b0328c30d\",\"LogName\":\"Security\",\"ProcessId\":856,\"ThreadId\":4176,\"MachineName\":\"EC2AMAZ-USSD356\",\"UserId\":null,\"TimeCreated\":\"\\/Date(1677270687862)\\/\",\"ActivityId\":null,\"RelatedActivityId\":null,\"ContainerLog\":\"Security\",\"MatchedQueryIds\":[],\"Bookmark\":{},\"LevelDisplayName\":\"Information\",\"OpcodeDisplayName\":\"Info\",\"TaskDisplayName\":\"Logoff\",\"KeywordsDisplayNames\":[\"Audit Success\"],\"Properties\":[{\"Value\":\"S-1-5-90-0-2\"},{\"Value\":\"DWM-2\"},{\"Value\":\"Window Manager\"},{\"Value\":706314},{\"Value\":2}],\"Message\":\"An account was logged off.\\r\\n\\r\\nSubject:\\r\\n\\tSecurity ID:\\t\\tS-1-5-90-0-2\\r\\n\\tAccount Name:\\t\\tDWM-2\\r\\n\\tAccount Domain:\\t\\tWindow Manager\\r\\n\\tLogon ID:\\t\\t0xAC70A\\r\\n\\r\\nLogon Type:\\t\\t\\t2\\r\\n\\r\\nThis event is generated when a logon session is destroyed. It may be positively correlated with a logon event using the Logon ID value. Logon IDs are only unique between reboots on the same computer.\"}","source":"in_win_event_logs","host":"EC2AMAZ-USSD356","_time":1677270687.862,"cribl_breaker":["Windows Event Logs:regex","ndjson"]},{"_raw":"{\"Id\":4634,\"Version\":0,\"Qualifiers\":null,\"Level\":0,\"Task\":12545,\"Opcode\":0,\"Keywords\":-9214364837600034816,\"RecordId\":125936,\"ProviderName\":\"Microsoft-Windows-Security-Auditing\",\"ProviderId\":\"54849625-5478-4994-a5ba-3e3b0328c30d\",\"LogName\":\"Security\",\"ProcessId\":856,\"ThreadId\":4176,\"MachineName\":\"EC2AMAZ-USSD356\",\"UserId\":null,\"TimeCreated\":\"\\/Date(1677270687862)\\/\",\"ActivityId\":null,\"RelatedActivityId\":null,\"ContainerLog\":\"Security\",\"MatchedQueryIds\":[],\"Bookmark\":{},\"LevelDisplayName\":\"Information\",\"OpcodeDisplayName\":\"Info\",\"TaskDisplayName\":\"Logoff\",\"KeywordsDisplayNames\":[\"Audit Success\"],\"Properties\":[{\"Value\":\"S-1-5-90-0-2\"},{\"Value\":\"DWM-2\"},{\"Value\":\"Window Manager\"},{\"Value\":706175},{\"Value\":2}],\"Message\":\"An account was logged off.\\r\\n\\r\\nSubject:\\r\\n\\tSecurity ID:\\t\\tS-1-5-90-0-2\\r\\n\\tAccount Name:\\t\\tDWM-2\\r\\n\\tAccount Domain:\\t\\tWindow Manager\\r\\n\\tLogon ID:\\t\\t0xAC67F\\r\\n\\r\\nLogon Type:\\t\\t\\t2\\r\\n\\r\\nThis event is generated when a logon session is destroyed. It may be positively correlated with a logon event using the Logon ID value. Logon IDs are only unique between reboots on the same computer.\"}","source":"in_win_event_logs","host":"EC2AMAZ-USSD356","_time":1677270687.862,"cribl_breaker":["Windows Event Logs:regex","ndjson"]},{"_raw":"{\"Id\":4776,\"Version\":0,\"Qualifiers\":null,\"Level\":0,\"Task\":14336,\"Opcode\":0,\"Keywords\":-9214364837600034816,\"RecordId\":125937,\"ProviderName\":\"Microsoft-Windows-Security-Auditing\",\"ProviderId\":\"54849625-5478-4994-a5ba-3e3b0328c30d\",\"LogName\":\"Security\",\"ProcessId\":856,\"ThreadId\":4076,\"MachineName\":\"EC2AMAZ-USSD356\",\"UserId\":null,\"TimeCreated\":\"\\/Date(1677270697461)\\/\",\"ActivityId\":\"34c83709-4889-0001-f637-c8348948d901\",\"RelatedActivityId\":null,\"ContainerLog\":\"Security\",\"MatchedQueryIds\":[],\"Bookmark\":{},\"LevelDisplayName\":\"Information\",\"OpcodeDisplayName\":\"Info\",\"TaskDisplayName\":\"Credential Validation\",\"KeywordsDisplayNames\":[\"Audit Success\"],\"Properties\":[{\"Value\":\"MICROSOFT_AUTHENTICATION_PACKAGE_V1_0\"},{\"Value\":\"Administrator\"},{\"Value\":\"\"},{\"Value\":0}],\"Message\":\"The computer attempted to validate the credentials for an account.\\r\\n\\r\\nAuthentication Package:\\tMICROSOFT_AUTHENTICATION_PACKAGE_V1_0\\r\\nLogon Account:\\tAdministrator\\r\\nSource Workstation:\\t\\r\\nError Code:\\t0x0\"}","source":"in_win_event_logs","host":"EC2AMAZ-USSD356","_time":1677270697.461,"cribl_breaker":["Windows Event Logs:regex","ndjson"]},{"_raw":"{\"Id\":4672,\"Version\":0,\"Qualifiers\":null,\"Level\":0,\"Task\":12548,\"Opcode\":0,\"Keywords\":-9214364837600034816,\"RecordId\":125938,\"ProviderName\":\"Microsoft-Windows-Security-Auditing\",\"ProviderId\":\"54849625-5478-4994-a5ba-3e3b0328c30d\",\"LogName\":\"Security\",\"ProcessId\":856,\"ThreadId\":4076,\"MachineName\":\"EC2AMAZ-USSD356\",\"UserId\":null,\"TimeCreated\":\"\\/Date(1677270697461)\\/\",\"ActivityId\":\"34c83709-4889-0001-f637-c8348948d901\",\"RelatedActivityId\":null,\"ContainerLog\":\"Security\",\"MatchedQueryIds\":[],\"Bookmark\":{},\"LevelDisplayName\":\"Information\",\"OpcodeDisplayName\":\"Info\",\"TaskDisplayName\":\"Special Logon\",\"KeywordsDisplayNames\":[\"Audit Success\"],\"Properties\":[{\"Value\":\"S-1-5-21-3471222382-1465441896-3305062734-500\"},{\"Value\":\"Administrator\"},{\"Value\":\"EC2AMAZ-USSD356\"},{\"Value\":7567167},{\"Value\":\"SeSecurityPrivilege\\r\\n\\t\\t\\tSeBackupPrivilege\\r\\n\\t\\t\\tSeRestorePrivilege\\r\\n\\t\\t\\tSeTakeOwnershipPrivilege\\r\\n\\t\\t\\tSeDebugPrivilege\\r\\n\\t\\t\\tSeSystemEnvironmentPrivilege\\r\\n\\t\\t\\tSeLoadDriverPrivilege\\r\\n\\t\\t\\tSeImpersonatePrivilege\\r\\n\\t\\t\\tSeDelegateSessionUserImpersonatePrivilege\"}],\"Message\":\"Special privileges assigned to new logon.\\r\\n\\r\\nSubject:\\r\\n\\tSecurity ID:\\t\\tS-1-5-21-3471222382-1465441896-3305062734-500\\r\\n\\tAccount Name:\\t\\tAdministrator\\r\\n\\tAccount Domain:\\t\\tEC2AMAZ-USSD356\\r\\n\\tLogon ID:\\t\\t0x73773F\\r\\n\\r\\nPrivileges:\\t\\tSeSecurityPrivilege\\r\\n\\t\\t\\tSeBackupPrivilege\\r\\n\\t\\t\\tSeRestorePrivilege\\r\\n\\t\\t\\tSeTakeOwnershipPrivilege\\r\\n\\t\\t\\tSeDebugPrivilege\\r\\n\\t\\t\\tSeSystemEnvironmentPrivilege\\r\\n\\t\\t\\tSeLoadDriverPrivilege\\r\\n\\t\\t\\tSeImpersonatePrivilege\\r\\n\\t\\t\\tSeDelegateSessionUserImpersonatePrivilege\"}","source":"in_win_event_logs","host":"EC2AMAZ-USSD356","_time":1677270697.461,"cribl_breaker":["Windows Event Logs:regex","ndjson"]},{"_raw":"{\"Id\":4624,\"Version\":2,\"Qualifiers\":null,\"Level\":0,\"Task\":12544,\"Opcode\":0,\"Keywords\":-9214364837600034816,\"RecordId\":125939,\"ProviderName\":\"Microsoft-Windows-Security-Auditing\",\"ProviderId\":\"54849625-5478-4994-a5ba-3e3b0328c30d\",\"LogName\":\"Security\",\"ProcessId\":856,\"ThreadId\":4076,\"MachineName\":\"EC2AMAZ-USSD356\",\"UserId\":null,\"TimeCreated\":\"\\/Date(1677270697461)\\/\",\"ActivityId\":\"34c83709-4889-0001-f637-c8348948d901\",\"RelatedActivityId\":null,\"ContainerLog\":\"Security\",\"MatchedQueryIds\":[],\"Bookmark\":{},\"LevelDisplayName\":\"Information\",\"OpcodeDisplayName\":\"Info\",\"TaskDisplayName\":\"Logon\",\"KeywordsDisplayNames\":[\"Audit Success\"],\"Properties\":[{\"Value\":\"S-1-0-0\"},{\"Value\":\"-\"},{\"Value\":\"-\"},{\"Value\":0},{\"Value\":\"S-1-5-21-3471222382-1465441896-3305062734-500\"},{\"Value\":\"Administrator\"},{\"Value\":\"EC2AMAZ-USSD356\"},{\"Value\":7567167},{\"Value\":3},{\"Value\":\"NtLmSsp \"},{\"Value\":\"NTLM\"},{\"Value\":\"-\"},{\"Value\":\"00000000-0000-0000-0000-000000000000\"},{\"Value\":\"-\"},{\"Value\":\"NTLM V2\"},{\"Value\":128},{\"Value\":0},{\"Value\":\"-\"},{\"Value\":\"76.86.5.66\"},{\"Value\":\"0\"},{\"Value\":\"%%1833\"},{\"Value\":\"-\"},{\"Value\":\"-\"},{\"Value\":\"-\"},{\"Value\":\"%%1843\"},{\"Value\":0},{\"Value\":\"%%1842\"}],\"Message\":\"An account was successfully logged on.\\r\\n\\r\\nSubject:\\r\\n\\tSecurity ID:\\t\\tS-1-0-0\\r\\n\\tAccount Name:\\t\\t-\\r\\n\\tAccount Domain:\\t\\t-\\r\\n\\tLogon ID:\\t\\t0x0\\r\\n\\r\\nLogon Information:\\r\\n\\tLogon Type:\\t\\t3\\r\\n\\tRestricted Admin Mode:\\t-\\r\\n\\tVirtual Account:\\t\\tNo\\r\\n\\tElevated Token:\\t\\tYes\\r\\n\\r\\nImpersonation Level:\\t\\tImpersonation\\r\\n\\r\\nNew Logon:\\r\\n\\tSecurity ID:\\t\\tS-1-5-21-3471222382-1465441896-3305062734-500\\r\\n\\tAccount Name:\\t\\tAdministrator\\r\\n\\tAccount Domain:\\t\\tEC2AMAZ-USSD356\\r\\n\\tLogon ID:\\t\\t0x73773F\\r\\n\\tLinked Logon ID:\\t\\t0x0\\r\\n\\tNetwork Account Name:\\t-\\r\\n\\tNetwork Account Domain:\\t-\\r\\n\\tLogon GUID:\\t\\t{00000000-0000-0000-0000-000000000000}\\r\\n\\r\\nProcess Information:\\r\\n\\tProcess ID:\\t\\t0x0\\r\\n\\tProcess Name:\\t\\t-\\r\\n\\r\\nNetwork Information:\\r\\n\\tWorkstation Name:\\t-\\r\\n\\tSource Network Address:\\t76.86.5.66\\r\\n\\tSource Port:\\t\\t0\\r\\n\\r\\nDetailed Authentication Information:\\r\\n\\tLogon Process:\\t\\tNtLmSsp \\r\\n\\tAuthentication Package:\\tNTLM\\r\\n\\tTransited Services:\\t-\\r\\n\\tPackage Name (NTLM only):\\tNTLM V2\\r\\n\\tKey Length:\\t\\t128\\r\\n\\r\\nThis event is generated when a logon session is created. It is generated on the computer that was accessed.\\r\\n\\r\\nThe subject fields indicate the account on the local system which requested the logon. This is most commonly a service such as the Server service, or a local process such as Winlogon.exe or Services.exe.\\r\\n\\r\\nThe logon type field indicates the kind of logon that occurred. The most common types are 2 (interactive) and 3 (network).\\r\\n\\r\\nThe New Logon fields indicate the account for whom the new logon was created, i.e. the account that was logged on.\\r\\n\\r\\nThe network fields indicate where a remote logon request originated. Workstation name is not always available and may be left blank in some cases.\\r\\n\\r\\nThe impersonation level field indicates the extent to which a process in the logon session can impersonate.\\r\\n\\r\\nThe authentication information fields provide detailed information about this specific logon request.\\r\\n\\t- Logon GUID is a unique identifier that can be used to correlate this event with a KDC event.\\r\\n\\t- Transited services indicate which intermediate services have participated in this logon request.\\r\\n\\t- Package name indicates which sub-protocol was used among the NTLM protocols.\\r\\n\\t- Key length indicates the length of the generated session key. This will be 0 if no session key was requested.\"}","source":"in_win_event_logs","host":"EC2AMAZ-USSD356","_time":1677270697.461,"cribl_breaker":["Windows Event Logs:regex","ndjson"]},{"_raw":"{\"Id\":4624,\"Version\":2,\"Qualifiers\":null,\"Level\":0,\"Task\":12544,\"Opcode\":0,\"Keywords\":-9214364837600034816,\"RecordId\":125930,\"ProviderName\":\"Microsoft-Windows-Security-Auditing\",\"ProviderId\":\"54849625-5478-4994-a5ba-3e3b0328c30d\",\"LogName\":\"Security\",\"ProcessId\":856,\"ThreadId\":6868,\"MachineName\":\"EC2AMAZ-USSD356\",\"UserId\":null,\"TimeCreated\":\"\\/Date(1677270604443)\\/\",\"ActivityId\":\"34c83709-4889-0001-f637-c8348948d901\",\"RelatedActivityId\":null,\"ContainerLog\":\"Security\",\"MatchedQueryIds\":[],\"Bookmark\":{},\"LevelDisplayName\":\"Information\",\"OpcodeDisplayName\":\"Info\",\"TaskDisplayName\":\"Logon\",\"KeywordsDisplayNames\":[\"Audit Success\"],\"Properties\":[{\"Value\":\"S-1-5-18\"},{\"Value\":\"EC2AMAZ-USSD356$\"},{\"Value\":\"WORKGROUP\"},{\"Value\":999},{\"Value\":\"S-1-5-18\"},{\"Value\":\"SYSTEM\"},{\"Value\":\"NT AUTHORITY\"},{\"Value\":999},{\"Value\":5},{\"Value\":\"Advapi  \"},{\"Value\":\"Negotiate\"},{\"Value\":\"-\"},{\"Value\":\"00000000-0000-0000-0000-000000000000\"},{\"Value\":\"-\"},{\"Value\":\"-\"},{\"Value\":0},{\"Value\":848},{\"Value\":\"C:\\\\Windows\\\\System32\\\\services.exe\"},{\"Value\":\"-\"},{\"Value\":\"-\"},{\"Value\":\"%%1833\"},{\"Value\":\"-\"},{\"Value\":\"-\"},{\"Value\":\"-\"},{\"Value\":\"%%1843\"},{\"Value\":0},{\"Value\":\"%%1842\"}],\"Message\":\"An account was successfully logged on.\\r\\n\\r\\nSubject:\\r\\n\\tSecurity ID:\\t\\tS-1-5-18\\r\\n\\tAccount Name:\\t\\tEC2AMAZ-USSD356$\\r\\n\\tAccount Domain:\\t\\tWORKGROUP\\r\\n\\tLogon ID:\\t\\t0x3E7\\r\\n\\r\\nLogon Information:\\r\\n\\tLogon Type:\\t\\t5\\r\\n\\tRestricted Admin Mode:\\t-\\r\\n\\tVirtual Account:\\t\\tNo\\r\\n\\tElevated Token:\\t\\tYes\\r\\n\\r\\nImpersonation Level:\\t\\tImpersonation\\r\\n\\r\\nNew Logon:\\r\\n\\tSecurity ID:\\t\\tS-1-5-18\\r\\n\\tAccount Name:\\t\\tSYSTEM\\r\\n\\tAccount Domain:\\t\\tNT AUTHORITY\\r\\n\\tLogon ID:\\t\\t0x3E7\\r\\n\\tLinked Logon ID:\\t\\t0x0\\r\\n\\tNetwork Account Name:\\t-\\r\\n\\tNetwork Account Domain:\\t-\\r\\n\\tLogon GUID:\\t\\t{00000000-0000-0000-0000-000000000000}\\r\\n\\r\\nProcess Information:\\r\\n\\tProcess ID:\\t\\t0x350\\r\\n\\tProcess Name:\\t\\tC:\\\\Windows\\\\System32\\\\services.exe\\r\\n\\r\\nNetwork Information:\\r\\n\\tWorkstation Name:\\t-\\r\\n\\tSource Network Address:\\t-\\r\\n\\tSource Port:\\t\\t-\\r\\n\\r\\nDetailed Authentication Information:\\r\\n\\tLogon Process:\\t\\tAdvapi  \\r\\n\\tAuthentication Package:\\tNegotiate\\r\\n\\tTransited Services:\\t-\\r\\n\\tPackage Name (NTLM only):\\t-\\r\\n\\tKey Length:\\t\\t0\\r\\n\\r\\nThis event is generated when a logon session is created. It is generated on the computer that was accessed.\\r\\n\\r\\nThe subject fields indicate the account on the local system which requested the logon. This is most commonly a service such as the Server service, or a local process such as Winlogon.exe or Services.exe.\\r\\n\\r\\nThe logon type field indicates the kind of logon that occurred. The most common types are 2 (interactive) and 3 (network).\\r\\n\\r\\nThe New Logon fields indicate the account for whom the new logon was created, i.e. the account that was logged on.\\r\\n\\r\\nThe network fields indicate where a remote logon request originated. Workstation name is not always available and may be left blank in some cases.\\r\\n\\r\\nThe impersonation level field indicates the extent to which a process in the logon session can impersonate.\\r\\n\\r\\nThe authentication information fields provide detailed information about this specific logon request.\\r\\n\\t- Logon GUID is a unique identifier that can be used to correlate this event with a KDC event.\\r\\n\\t- Transited services indicate which intermediate services have participated in this logon request.\\r\\n\\t- Package name indicates which sub-protocol was used among the NTLM protocols.\\r\\n\\t- Key length indicates the length of the generated session key. This will be 0 if no session key was requested.\"}","source":"in_win_event_logs","host":"EC2AMAZ-USSD356","_time":1677270604.443,"cribl_breaker":["Windows Event Logs:regex","ndjson"]},{"_raw":"{\"Id\":4672,\"Version\":0,\"Qualifiers\":null,\"Level\":0,\"Task\":12548,\"Opcode\":0,\"Keywords\":-9214364837600034816,\"RecordId\":125931,\"ProviderName\":\"Microsoft-Windows-Security-Auditing\",\"ProviderId\":\"54849625-5478-4994-a5ba-3e3b0328c30d\",\"LogName\":\"Security\",\"ProcessId\":856,\"ThreadId\":6868,\"MachineName\":\"EC2AMAZ-USSD356\",\"UserId\":null,\"TimeCreated\":\"\\/Date(1677270604443)\\/\",\"ActivityId\":\"34c83709-4889-0001-f637-c8348948d901\",\"RelatedActivityId\":null,\"ContainerLog\":\"Security\",\"MatchedQueryIds\":[],\"Bookmark\":{},\"LevelDisplayName\":\"Information\",\"OpcodeDisplayName\":\"Info\",\"TaskDisplayName\":\"Special Logon\",\"KeywordsDisplayNames\":[\"Audit Success\"],\"Properties\":[{\"Value\":\"S-1-5-18\"},{\"Value\":\"SYSTEM\"},{\"Value\":\"NT AUTHORITY\"},{\"Value\":999},{\"Value\":\"SeAssignPrimaryTokenPrivilege\\r\\n\\t\\t\\tSeTcbPrivilege\\r\\n\\t\\t\\tSeSecurityPrivilege\\r\\n\\t\\t\\tSeTakeOwnershipPrivilege\\r\\n\\t\\t\\tSeLoadDriverPrivilege\\r\\n\\t\\t\\tSeBackupPrivilege\\r\\n\\t\\t\\tSeRestorePrivilege\\r\\n\\t\\t\\tSeDebugPrivilege\\r\\n\\t\\t\\tSeAuditPrivilege\\r\\n\\t\\t\\tSeSystemEnvironmentPrivilege\\r\\n\\t\\t\\tSeImpersonatePrivilege\\r\\n\\t\\t\\tSeDelegateSessionUserImpersonatePrivilege\"}],\"Message\":\"Special privileges assigned to new logon.\\r\\n\\r\\nSubject:\\r\\n\\tSecurity ID:\\t\\tS-1-5-18\\r\\n\\tAccount Name:\\t\\tSYSTEM\\r\\n\\tAccount Domain:\\t\\tNT AUTHORITY\\r\\n\\tLogon ID:\\t\\t0x3E7\\r\\n\\r\\nPrivileges:\\t\\tSeAssignPrimaryTokenPrivilege\\r\\n\\t\\t\\tSeTcbPrivilege\\r\\n\\t\\t\\tSeSecurityPrivilege\\r\\n\\t\\t\\tSeTakeOwnershipPrivilege\\r\\n\\t\\t\\tSeLoadDriverPrivilege\\r\\n\\t\\t\\tSeBackupPrivilege\\r\\n\\t\\t\\tSeRestorePrivilege\\r\\n\\t\\t\\tSeDebugPrivilege\\r\\n\\t\\t\\tSeAuditPrivilege\\r\\n\\t\\t\\tSeSystemEnvironmentPrivilege\\r\\n\\t\\t\\tSeImpersonatePrivilege\\r\\n\\t\\t\\tSeDelegateSessionUserImpersonatePrivilege\"}","source":"in_win_event_logs","host":"EC2AMAZ-USSD356","_time":1677270604.443,"cribl_breaker":["Windows Event Logs:regex","ndjson"]},{"_raw":"{\"Id\":4647,\"Version\":0,\"Qualifiers\":null,\"Level\":0,\"Task\":12545,\"Opcode\":0,\"Keywords\":-9214364837600034816,\"RecordId\":125932,\"ProviderName\":\"Microsoft-Windows-Security-Auditing\",\"ProviderId\":\"54849625-5478-4994-a5ba-3e3b0328c30d\",\"LogName\":\"Security\",\"ProcessId\":856,\"ThreadId\":6868,\"MachineName\":\"EC2AMAZ-USSD356\",\"UserId\":null,\"TimeCreated\":\"\\/Date(1677270686026)\\/\",\"ActivityId\":\"34c83709-4889-0001-f637-c8348948d901\",\"RelatedActivityId\":null,\"ContainerLog\":\"Security\",\"MatchedQueryIds\":[],\"Bookmark\":{},\"LevelDisplayName\":\"Information\",\"OpcodeDisplayName\":\"Info\",\"TaskDisplayName\":\"Logoff\",\"KeywordsDisplayNames\":[\"Audit Success\"],\"Properties\":[{\"Value\":\"S-1-5-21-3471222382-1465441896-3305062734-500\"},{\"Value\":\"Administrator\"},{\"Value\":\"EC2AMAZ-USSD356\"},{\"Value\":750754}],\"Message\":\"User initiated logoff:\\r\\n\\r\\nSubject:\\r\\n\\tSecurity ID:\\t\\tS-1-5-21-3471222382-1465441896-3305062734-500\\r\\n\\tAccount Name:\\t\\tAdministrator\\r\\n\\tAccount Domain:\\t\\tEC2AMAZ-USSD356\\r\\n\\tLogon ID:\\t\\t0xB74A2\\r\\n\\r\\nThis event is generated when a logoff is initiated. No further user-initiated activity can occur. This event can be interpreted as a logoff event.\"}","source":"in_win_event_logs","host":"EC2AMAZ-USSD356","_time":1677270686.026,"cribl_breaker":["Windows Event Logs:regex","ndjson"]},